<?xml version="1.0" encoding="UTF-8"?>
<testsuite xmlns:xsi="http://www.w3.org/2001/XMLSchema-instance" xsi:noNamespaceSchemaLocation="https://maven.apache.org/surefire/maven-surefire-plugin/xsd/surefire-test-report-3.0.xsd" version="3.0" name="TestSuite" time="26.372" tests="7" errors="0" skipped="5" failures="2">
  <properties>
[...]
</properties>
  <testcase name="automateProcessOfRegisteringCloudPlatformPricingCalculator[Google Cloud Platform Pricing Calculator](1)" classname="tests.ProcessOfRegisteringCloudPlatformTests" time="0.0">
    <skipped message="Element text was &lt;Total Estimated Cost: USD 97.09 per 1 month&gt; expecting to be &lt;1,288.70&gt;!"/>
    <system-err><![CDATA[[main] INFO io.github.bonigarcia.wdm.WebDriverManager - Using chromedriver 119.0.6045.105 (resolved driver for Chrome 119)
[main] INFO io.github.bonigarcia.wdm.WebDriverManager - Exporting webdriver.chrome.driver as C:\Users\kubar\.cache\selenium\chromedriver\win64\119.0.6045.105\chromedriver.exe
Dec 03, 2023 7:04:01 PM driver.listeners.DriverEventListener beforeFindElement
INFO: Trying to find WebElement with locator By.xpath: //button[@class='pvUife']
Dec 03, 2023 7:04:01 PM driver.listeners.DriverEventListener beforeFindElement
INFO: Trying to find WebElement with locator By.xpath: //button[@class='pvUife']
Dec 03, 2023 7:04:01 PM driver.listeners.DriverEventListener beforeFindElement
INFO: Trying to find WebElement with locator By.xpath: //button[@class='pvUife']
Dec 03, 2023 7:04:03 PM driver.listeners.DriverEventListener afterFindElement
INFO: Found WebElement with locator By.xpath: //button[@class='pvUife']
Dec 03, 2023 7:04:03 PM driver.listeners.DriverEventListener afterFindElement
INFO: Found WebElement with locator By.xpath: //button[@class='pvUife']
Dec 03, 2023 7:04:03 PM driver.listeners.DriverEventListener afterFindElement
INFO: Found WebElement with locator By.xpath: //button[@class='pvUife']
Dec 03, 2023 7:04:03 PM driver.listeners.DriverEventListener beforeFindElement
INFO: Trying to find WebElement with locator By.xpath: //button[@class='pvUife']
Dec 03, 2023 7:04:03 PM driver.listeners.DriverEventListener beforeFindElement
INFO: Trying to find WebElement with locator By.xpath: //button[@class='pvUife']
Dec 03, 2023 7:04:03 PM driver.listeners.DriverEventListener beforeFindElement
INFO: Trying to find WebElement with locator By.xpath: //button[@class='pvUife']
Dec 03, 2023 7:04:04 PM driver.listeners.DriverEventListener afterFindElement
INFO: Found WebElement with locator By.xpath: //button[@class='pvUife']
Dec 03, 2023 7:04:04 PM driver.listeners.DriverEventListener afterFindElement
INFO: Found WebElement with locator By.xpath: //button[@class='pvUife']
Dec 03, 2023 7:04:04 PM driver.listeners.DriverEventListener afterFindElement
INFO: Found WebElement with locator By.xpath: //button[@class='pvUife']
Dec 03, 2023 7:04:04 PM driver.listeners.DriverEventListener beforeClick
INFO: Trying to click WebElement
Dec 03, 2023 7:04:04 PM driver.listeners.DriverEventListener beforeClick
INFO: Trying to click WebElement
Dec 03, 2023 7:04:04 PM driver.listeners.DriverEventListener beforeClick
INFO: Trying to click WebElement
Dec 03, 2023 7:04:04 PM driver.listeners.DriverEventListener afterClick
INFO: Clicked WebElement
Dec 03, 2023 7:04:04 PM driver.listeners.DriverEventListener afterClick
INFO: Clicked WebElement
Dec 03, 2023 7:04:04 PM driver.listeners.DriverEventListener afterClick
INFO: Clicked WebElement
Dec 03, 2023 7:04:04 PM page.Cookies clickAcceptCookiesButton
INFO: acceptCookiesButton zostal wcisniety
Dec 03, 2023 7:04:04 PM driver.listeners.DriverEventListener beforeFindElement
INFO: Trying to find WebElement with locator By.xpath: //div[@class='YSM5S']
Dec 03, 2023 7:04:04 PM driver.listeners.DriverEventListener beforeFindElement
INFO: Trying to find WebElement with locator By.xpath: //div[@class='YSM5S']
Dec 03, 2023 7:04:04 PM driver.listeners.DriverEventListener beforeFindElement
INFO: Trying to find WebElement with locator By.xpath: //div[@class='YSM5S']
Dec 03, 2023 7:04:04 PM driver.listeners.DriverEventListener beforeFindElement
INFO: Trying to find WebElement with locator By.xpath: //div[@class='YSM5S']
Dec 03, 2023 7:04:04 PM driver.listeners.DriverEventListener beforeFindElement
INFO: Trying to find WebElement with locator By.xpath: //div[@class='YSM5S']
Dec 03, 2023 7:04:04 PM driver.listeners.DriverEventListener afterFindElement
INFO: Found WebElement with locator By.xpath: //div[@class='YSM5S']
Dec 03, 2023 7:04:04 PM driver.listeners.DriverEventListener afterFindElement
INFO: Found WebElement with locator By.xpath: //div[@class='YSM5S']
Dec 03, 2023 7:04:04 PM driver.listeners.DriverEventListener afterFindElement
INFO: Found WebElement with locator By.xpath: //div[@class='YSM5S']
Dec 03, 2023 7:04:04 PM driver.listeners.DriverEventListener afterFindElement
INFO: Found WebElement with locator By.xpath: //div[@class='YSM5S']
Dec 03, 2023 7:04:04 PM driver.listeners.DriverEventListener afterFindElement
INFO: Found WebElement with locator By.xpath: //div[@class='YSM5S']
Dec 03, 2023 7:04:04 PM driver.listeners.DriverEventListener beforeFindElement
INFO: Trying to find WebElement with locator By.xpath: //div[@class='YSM5S']
Dec 03, 2023 7:04:04 PM driver.listeners.DriverEventListener beforeFindElement
INFO: Trying to find WebElement with locator By.xpath: //div[@class='YSM5S']
Dec 03, 2023 7:04:04 PM driver.listeners.DriverEventListener beforeFindElement
INFO: Trying to find WebElement with locator By.xpath: //div[@class='YSM5S']
Dec 03, 2023 7:04:04 PM driver.listeners.DriverEventListener beforeFindElement
INFO: Trying to find WebElement with locator By.xpath: //div[@class='YSM5S']
Dec 03, 2023 7:04:04 PM driver.listeners.DriverEventListener beforeFindElement
INFO: Trying to find WebElement with locator By.xpath: //div[@class='YSM5S']
Dec 03, 2023 7:04:04 PM driver.listeners.DriverEventListener afterFindElement
INFO: Found WebElement with locator By.xpath: //div[@class='YSM5S']
Dec 03, 2023 7:04:04 PM driver.listeners.DriverEventListener afterFindElement
INFO: Found WebElement with locator By.xpath: //div[@class='YSM5S']
Dec 03, 2023 7:04:04 PM driver.listeners.DriverEventListener afterFindElement
INFO: Found WebElement with locator By.xpath: //div[@class='YSM5S']
Dec 03, 2023 7:04:04 PM driver.listeners.DriverEventListener afterFindElement
INFO: Found WebElement with locator By.xpath: //div[@class='YSM5S']
Dec 03, 2023 7:04:04 PM driver.listeners.DriverEventListener afterFindElement
INFO: Found WebElement with locator By.xpath: //div[@class='YSM5S']
Dec 03, 2023 7:04:04 PM driver.listeners.DriverEventListener beforeClick
INFO: Trying to click WebElement
Dec 03, 2023 7:04:04 PM driver.listeners.DriverEventListener beforeClick
INFO: Trying to click WebElement
Dec 03, 2023 7:04:04 PM driver.listeners.DriverEventListener beforeClick
INFO: Trying to click WebElement
Dec 03, 2023 7:04:04 PM driver.listeners.DriverEventListener beforeClick
INFO: Trying to click WebElement
Dec 03, 2023 7:04:04 PM driver.listeners.DriverEventListener beforeClick
INFO: Trying to click WebElement
Dec 03, 2023 7:04:04 PM driver.listeners.DriverEventListener afterClick
INFO: Clicked WebElement
Dec 03, 2023 7:04:04 PM driver.listeners.DriverEventListener afterClick
INFO: Clicked WebElement
Dec 03, 2023 7:04:04 PM driver.listeners.DriverEventListener afterClick
INFO: Clicked WebElement
Dec 03, 2023 7:04:04 PM driver.listeners.DriverEventListener afterClick
INFO: Clicked WebElement
Dec 03, 2023 7:04:04 PM driver.listeners.DriverEventListener afterClick
INFO: Clicked WebElement
Dec 03, 2023 7:04:04 PM page.Homepage clickSearchIcon
INFO: searchIcon zostal wcisniety
Dec 03, 2023 7:04:04 PM driver.listeners.DriverEventListener beforeFindElement
INFO: Trying to find WebElement with locator By.xpath: //input[@class='mb2a7b']
Dec 03, 2023 7:04:04 PM driver.listeners.DriverEventListener beforeFindElement
INFO: Trying to find WebElement with locator By.xpath: //input[@class='mb2a7b']
Dec 03, 2023 7:04:04 PM driver.listeners.DriverEventListener beforeFindElement
INFO: Trying to find WebElement with locator By.xpath: //input[@class='mb2a7b']
Dec 03, 2023 7:04:04 PM driver.listeners.DriverEventListener beforeFindElement
INFO: Trying to find WebElement with locator By.xpath: //input[@class='mb2a7b']
Dec 03, 2023 7:04:04 PM driver.listeners.DriverEventListener beforeFindElement
INFO: Trying to find WebElement with locator By.xpath: //input[@class='mb2a7b']
Dec 03, 2023 7:04:04 PM driver.listeners.DriverEventListener afterFindElement
INFO: Found WebElement with locator By.xpath: //input[@class='mb2a7b']
Dec 03, 2023 7:04:04 PM driver.listeners.DriverEventListener afterFindElement
INFO: Found WebElement with locator By.xpath: //input[@class='mb2a7b']
Dec 03, 2023 7:04:04 PM driver.listeners.DriverEventListener afterFindElement
INFO: Found WebElement with locator By.xpath: //input[@class='mb2a7b']
Dec 03, 2023 7:04:04 PM driver.listeners.DriverEventListener afterFindElement
INFO: Found WebElement with locator By.xpath: //input[@class='mb2a7b']
Dec 03, 2023 7:04:04 PM driver.listeners.DriverEventListener afterFindElement
INFO: Found WebElement with locator By.xpath: //input[@class='mb2a7b']
Dec 03, 2023 7:04:04 PM driver.listeners.DriverEventListener beforeFindElement
INFO: Trying to find WebElement with locator By.xpath: //input[@class='mb2a7b']
Dec 03, 2023 7:04:04 PM driver.listeners.DriverEventListener beforeFindElement
INFO: Trying to find WebElement with locator By.xpath: //input[@class='mb2a7b']
Dec 03, 2023 7:04:04 PM driver.listeners.DriverEventListener beforeFindElement
INFO: Trying to find WebElement with locator By.xpath: //input[@class='mb2a7b']
Dec 03, 2023 7:04:04 PM driver.listeners.DriverEventListener beforeFindElement
INFO: Trying to find WebElement with locator By.xpath: //input[@class='mb2a7b']
Dec 03, 2023 7:04:04 PM driver.listeners.DriverEventListener beforeFindElement
INFO: Trying to find WebElement with locator By.xpath: //input[@class='mb2a7b']
Dec 03, 2023 7:04:04 PM driver.listeners.DriverEventListener afterFindElement
INFO: Found WebElement with locator By.xpath: //input[@class='mb2a7b']
Dec 03, 2023 7:04:04 PM driver.listeners.DriverEventListener afterFindElement
INFO: Found WebElement with locator By.xpath: //input[@class='mb2a7b']
Dec 03, 2023 7:04:04 PM driver.listeners.DriverEventListener afterFindElement
INFO: Found WebElement with locator By.xpath: //input[@class='mb2a7b']
Dec 03, 2023 7:04:04 PM driver.listeners.DriverEventListener afterFindElement
INFO: Found WebElement with locator By.xpath: //input[@class='mb2a7b']
Dec 03, 2023 7:04:04 PM driver.listeners.DriverEventListener afterFindElement
INFO: Found WebElement with locator By.xpath: //input[@class='mb2a7b']
Dec 03, 2023 7:04:04 PM driver.listeners.DriverEventListener beforeSendKeys
INFO: Trying to type text [Google Cloud Platform Pricing Calculator]
Dec 03, 2023 7:04:04 PM driver.listeners.DriverEventListener beforeSendKeys
INFO: Trying to type text [Google Cloud Platform Pricing Calculator]
Dec 03, 2023 7:04:04 PM driver.listeners.DriverEventListener beforeSendKeys
INFO: Trying to type text [Google Cloud Platform Pricing Calculator]
Dec 03, 2023 7:04:04 PM driver.listeners.DriverEventListener beforeSendKeys
INFO: Trying to type text [Google Cloud Platform Pricing Calculator]
Dec 03, 2023 7:04:04 PM driver.listeners.DriverEventListener beforeSendKeys
INFO: Trying to type text [Google Cloud Platform Pricing Calculator]
Dec 03, 2023 7:04:05 PM driver.listeners.DriverEventListener afterSendKeys
INFO: Typed text [Google Cloud Platform Pricing Calculator]
Dec 03, 2023 7:04:05 PM driver.listeners.DriverEventListener afterSendKeys
INFO: Typed text [Google Cloud Platform Pricing Calculator]
Dec 03, 2023 7:04:05 PM driver.listeners.DriverEventListener afterSendKeys
INFO: Typed text [Google Cloud Platform Pricing Calculator]
Dec 03, 2023 7:04:05 PM driver.listeners.DriverEventListener afterSendKeys
INFO: Typed text [Google Cloud Platform Pricing Calculator]
Dec 03, 2023 7:04:05 PM driver.listeners.DriverEventListener afterSendKeys
INFO: Typed text [Google Cloud Platform Pricing Calculator]
Dec 03, 2023 7:04:05 PM page.Homepage setTextInSearchInput
INFO: searchInput zostal ustawiony wartoscia: Google Cloud Platform Pricing Calculator
Dec 03, 2023 7:04:05 PM driver.listeners.DriverEventListener beforeFindElement
INFO: Trying to find WebElement with locator By.xpath: //a[@class='gs-title']//b[text()='Google Cloud Pricing Calculator']
Dec 03, 2023 7:04:05 PM driver.listeners.DriverEventListener beforeFindElement
INFO: Trying to find WebElement with locator By.xpath: //a[@class='gs-title']//b[text()='Google Cloud Pricing Calculator']
Dec 03, 2023 7:04:05 PM driver.listeners.DriverEventListener beforeFindElement
INFO: Trying to find WebElement with locator By.xpath: //a[@class='gs-title']//b[text()='Google Cloud Pricing Calculator']
Dec 03, 2023 7:04:05 PM driver.listeners.DriverEventListener beforeFindElement
INFO: Trying to find WebElement with locator By.xpath: //a[@class='gs-title']//b[text()='Google Cloud Pricing Calculator']
Dec 03, 2023 7:04:05 PM driver.listeners.DriverEventListener beforeFindElement
INFO: Trying to find WebElement with locator By.xpath: //a[@class='gs-title']//b[text()='Google Cloud Pricing Calculator']
Dec 03, 2023 7:04:05 PM driver.listeners.DriverEventListener beforeFindElement
INFO: Trying to find WebElement with locator By.xpath: //a[@class='gs-title']//b[text()='Google Cloud Pricing Calculator']
Dec 03, 2023 7:04:05 PM driver.listeners.DriverEventListener beforeFindElement
INFO: Trying to find WebElement with locator By.xpath: //a[@class='gs-title']//b[text()='Google Cloud Pricing Calculator']
Dec 03, 2023 7:04:05 PM driver.listeners.DriverEventListener beforeFindElement
INFO: Trying to find WebElement with locator By.xpath: //a[@class='gs-title']//b[text()='Google Cloud Pricing Calculator']
Dec 03, 2023 7:04:07 PM driver.listeners.DriverEventListener afterFindElement
INFO: Found WebElement with locator By.xpath: //a[@class='gs-title']//b[text()='Google Cloud Pricing Calculator']
Dec 03, 2023 7:04:07 PM driver.listeners.DriverEventListener afterFindElement
INFO: Found WebElement with locator By.xpath: //a[@class='gs-title']//b[text()='Google Cloud Pricing Calculator']
Dec 03, 2023 7:04:07 PM driver.listeners.DriverEventListener afterFindElement
INFO: Found WebElement with locator By.xpath: //a[@class='gs-title']//b[text()='Google Cloud Pricing Calculator']
Dec 03, 2023 7:04:07 PM driver.listeners.DriverEventListener afterFindElement
INFO: Found WebElement with locator By.xpath: //a[@class='gs-title']//b[text()='Google Cloud Pricing Calculator']
Dec 03, 2023 7:04:07 PM driver.listeners.DriverEventListener afterFindElement
INFO: Found WebElement with locator By.xpath: //a[@class='gs-title']//b[text()='Google Cloud Pricing Calculator']
Dec 03, 2023 7:04:07 PM driver.listeners.DriverEventListener afterFindElement
INFO: Found WebElement with locator By.xpath: //a[@class='gs-title']//b[text()='Google Cloud Pricing Calculator']
Dec 03, 2023 7:04:07 PM driver.listeners.DriverEventListener afterFindElement
INFO: Found WebElement with locator By.xpath: //a[@class='gs-title']//b[text()='Google Cloud Pricing Calculator']
Dec 03, 2023 7:04:07 PM driver.listeners.DriverEventListener afterFindElement
INFO: Found WebElement with locator By.xpath: //a[@class='gs-title']//b[text()='Google Cloud Pricing Calculator']
Dec 03, 2023 7:04:07 PM driver.listeners.DriverEventListener beforeFindElement
INFO: Trying to find WebElement with locator By.xpath: //a[@class='gs-title']//b[text()='Google Cloud Pricing Calculator']
Dec 03, 2023 7:04:07 PM driver.listeners.DriverEventListener beforeFindElement
INFO: Trying to find WebElement with locator By.xpath: //a[@class='gs-title']//b[text()='Google Cloud Pricing Calculator']
Dec 03, 2023 7:04:07 PM driver.listeners.DriverEventListener beforeFindElement
INFO: Trying to find WebElement with locator By.xpath: //a[@class='gs-title']//b[text()='Google Cloud Pricing Calculator']
Dec 03, 2023 7:04:07 PM driver.listeners.DriverEventListener beforeFindElement
INFO: Trying to find WebElement with locator By.xpath: //a[@class='gs-title']//b[text()='Google Cloud Pricing Calculator']
Dec 03, 2023 7:04:07 PM driver.listeners.DriverEventListener beforeFindElement
INFO: Trying to find WebElement with locator By.xpath: //a[@class='gs-title']//b[text()='Google Cloud Pricing Calculator']
Dec 03, 2023 7:04:07 PM driver.listeners.DriverEventListener beforeFindElement
INFO: Trying to find WebElement with locator By.xpath: //a[@class='gs-title']//b[text()='Google Cloud Pricing Calculator']
Dec 03, 2023 7:04:07 PM driver.listeners.DriverEventListener beforeFindElement
INFO: Trying to find WebElement with locator By.xpath: //a[@class='gs-title']//b[text()='Google Cloud Pricing Calculator']
Dec 03, 2023 7:04:07 PM driver.listeners.DriverEventListener beforeFindElement
INFO: Trying to find WebElement with locator By.xpath: //a[@class='gs-title']//b[text()='Google Cloud Pricing Calculator']
Dec 03, 2023 7:04:07 PM driver.listeners.DriverEventListener afterFindElement
INFO: Found WebElement with locator By.xpath: //a[@class='gs-title']//b[text()='Google Cloud Pricing Calculator']
Dec 03, 2023 7:04:07 PM driver.listeners.DriverEventListener afterFindElement
INFO: Found WebElement with locator By.xpath: //a[@class='gs-title']//b[text()='Google Cloud Pricing Calculator']
Dec 03, 2023 7:04:07 PM driver.listeners.DriverEventListener afterFindElement
INFO: Found WebElement with locator By.xpath: //a[@class='gs-title']//b[text()='Google Cloud Pricing Calculator']
Dec 03, 2023 7:04:07 PM driver.listeners.DriverEventListener afterFindElement
INFO: Found WebElement with locator By.xpath: //a[@class='gs-title']//b[text()='Google Cloud Pricing Calculator']
Dec 03, 2023 7:04:07 PM driver.listeners.DriverEventListener afterFindElement
INFO: Found WebElement with locator By.xpath: //a[@class='gs-title']//b[text()='Google Cloud Pricing Calculator']
Dec 03, 2023 7:04:07 PM driver.listeners.DriverEventListener afterFindElement
INFO: Found WebElement with locator By.xpath: //a[@class='gs-title']//b[text()='Google Cloud Pricing Calculator']
Dec 03, 2023 7:04:07 PM driver.listeners.DriverEventListener afterFindElement
INFO: Found WebElement with locator By.xpath: //a[@class='gs-title']//b[text()='Google Cloud Pricing Calculator']
Dec 03, 2023 7:04:07 PM driver.listeners.DriverEventListener afterFindElement
INFO: Found WebElement with locator By.xpath: //a[@class='gs-title']//b[text()='Google Cloud Pricing Calculator']
Dec 03, 2023 7:04:07 PM driver.listeners.DriverEventListener beforeClick
INFO: Trying to click WebElement
Dec 03, 2023 7:04:07 PM driver.listeners.DriverEventListener beforeClick
INFO: Trying to click WebElement
Dec 03, 2023 7:04:07 PM driver.listeners.DriverEventListener beforeClick
INFO: Trying to click WebElement
Dec 03, 2023 7:04:07 PM driver.listeners.DriverEventListener beforeClick
INFO: Trying to click WebElement
Dec 03, 2023 7:04:07 PM driver.listeners.DriverEventListener beforeClick
INFO: Trying to click WebElement
Dec 03, 2023 7:04:07 PM driver.listeners.DriverEventListener beforeClick
INFO: Trying to click WebElement
Dec 03, 2023 7:04:07 PM driver.listeners.DriverEventListener beforeClick
INFO: Trying to click WebElement
Dec 03, 2023 7:04:07 PM driver.listeners.DriverEventListener beforeClick
INFO: Trying to click WebElement
Dec 03, 2023 7:04:11 PM driver.listeners.DriverEventListener afterClick
INFO: Clicked WebElement
Dec 03, 2023 7:04:11 PM driver.listeners.DriverEventListener afterClick
INFO: Clicked WebElement
Dec 03, 2023 7:04:11 PM driver.listeners.DriverEventListener afterClick
INFO: Clicked WebElement
Dec 03, 2023 7:04:11 PM driver.listeners.DriverEventListener afterClick
INFO: Clicked WebElement
Dec 03, 2023 7:04:11 PM driver.listeners.DriverEventListener afterClick
INFO: Clicked WebElement
Dec 03, 2023 7:04:11 PM driver.listeners.DriverEventListener afterClick
INFO: Clicked WebElement
Dec 03, 2023 7:04:11 PM driver.listeners.DriverEventListener afterClick
INFO: Clicked WebElement
Dec 03, 2023 7:04:11 PM driver.listeners.DriverEventListener afterClick
INFO: Clicked WebElement
Dec 03, 2023 7:04:11 PM page.Search clickGoogleCloudPricingCalculatorOption
INFO: googleCloudPricingCalculatorOption zostal wcisniety
Dec 03, 2023 7:04:12 PM driver.listeners.DriverEventListener beforeFindElement
INFO: Trying to find WebElement with locator By.xpath: //*[@title='Compute Engine']
Dec 03, 2023 7:04:12 PM driver.listeners.DriverEventListener beforeFindElement
INFO: Trying to find WebElement with locator By.xpath: //*[@title='Compute Engine']
Dec 03, 2023 7:04:12 PM driver.listeners.DriverEventListener beforeFindElement
INFO: Trying to find WebElement with locator By.xpath: //*[@title='Compute Engine']
Dec 03, 2023 7:04:12 PM driver.listeners.DriverEventListener beforeFindElement
INFO: Trying to find WebElement with locator By.xpath: //*[@title='Compute Engine']
Dec 03, 2023 7:04:12 PM driver.listeners.DriverEventListener beforeFindElement
INFO: Trying to find WebElement with locator By.xpath: //*[@title='Compute Engine']
Dec 03, 2023 7:04:12 PM driver.listeners.DriverEventListener beforeFindElement
INFO: Trying to find WebElement with locator By.xpath: //*[@title='Compute Engine']
Dec 03, 2023 7:04:12 PM driver.listeners.DriverEventListener beforeFindElement
INFO: Trying to find WebElement with locator By.xpath: //*[@title='Compute Engine']
Dec 03, 2023 7:04:12 PM driver.listeners.DriverEventListener beforeFindElement
INFO: Trying to find WebElement with locator By.xpath: //*[@title='Compute Engine']
Dec 03, 2023 7:04:12 PM driver.listeners.DriverEventListener beforeFindElement
INFO: Trying to find WebElement with locator By.xpath: //*[@title='Compute Engine']
Dec 03, 2023 7:04:12 PM driver.listeners.DriverEventListener beforeFindElement
INFO: Trying to find WebElement with locator By.xpath: //*[@title='Compute Engine']
Dec 03, 2023 7:04:12 PM driver.listeners.DriverEventListener afterFindElement
INFO: Found WebElement with locator By.xpath: //*[@title='Compute Engine']
Dec 03, 2023 7:04:12 PM driver.listeners.DriverEventListener afterFindElement
INFO: Found WebElement with locator By.xpath: //*[@title='Compute Engine']
Dec 03, 2023 7:04:12 PM driver.listeners.DriverEventListener afterFindElement
INFO: Found WebElement with locator By.xpath: //*[@title='Compute Engine']
Dec 03, 2023 7:04:12 PM driver.listeners.DriverEventListener afterFindElement
INFO: Found WebElement with locator By.xpath: //*[@title='Compute Engine']
Dec 03, 2023 7:04:12 PM driver.listeners.DriverEventListener afterFindElement
INFO: Found WebElement with locator By.xpath: //*[@title='Compute Engine']
Dec 03, 2023 7:04:12 PM driver.listeners.DriverEventListener afterFindElement
INFO: Found WebElement with locator By.xpath: //*[@title='Compute Engine']
Dec 03, 2023 7:04:12 PM driver.listeners.DriverEventListener afterFindElement
INFO: Found WebElement with locator By.xpath: //*[@title='Compute Engine']
Dec 03, 2023 7:04:12 PM driver.listeners.DriverEventListener afterFindElement
INFO: Found WebElement with locator By.xpath: //*[@title='Compute Engine']
Dec 03, 2023 7:04:12 PM driver.listeners.DriverEventListener afterFindElement
INFO: Found WebElement with locator By.xpath: //*[@title='Compute Engine']
Dec 03, 2023 7:04:12 PM driver.listeners.DriverEventListener afterFindElement
INFO: Found WebElement with locator By.xpath: //*[@title='Compute Engine']
Dec 03, 2023 7:04:12 PM driver.listeners.DriverEventListener beforeFindElement
INFO: Trying to find WebElement with locator By.xpath: //*[@title='Compute Engine']
Dec 03, 2023 7:04:12 PM driver.listeners.DriverEventListener beforeFindElement
INFO: Trying to find WebElement with locator By.xpath: //*[@title='Compute Engine']
Dec 03, 2023 7:04:12 PM driver.listeners.DriverEventListener beforeFindElement
INFO: Trying to find WebElement with locator By.xpath: //*[@title='Compute Engine']
Dec 03, 2023 7:04:12 PM driver.listeners.DriverEventListener beforeFindElement
INFO: Trying to find WebElement with locator By.xpath: //*[@title='Compute Engine']
Dec 03, 2023 7:04:12 PM driver.listeners.DriverEventListener beforeFindElement
INFO: Trying to find WebElement with locator By.xpath: //*[@title='Compute Engine']
Dec 03, 2023 7:04:12 PM driver.listeners.DriverEventListener beforeFindElement
INFO: Trying to find WebElement with locator By.xpath: //*[@title='Compute Engine']
Dec 03, 2023 7:04:12 PM driver.listeners.DriverEventListener beforeFindElement
INFO: Trying to find WebElement with locator By.xpath: //*[@title='Compute Engine']
Dec 03, 2023 7:04:12 PM driver.listeners.DriverEventListener beforeFindElement
INFO: Trying to find WebElement with locator By.xpath: //*[@title='Compute Engine']
Dec 03, 2023 7:04:12 PM driver.listeners.DriverEventListener beforeFindElement
INFO: Trying to find WebElement with locator By.xpath: //*[@title='Compute Engine']
Dec 03, 2023 7:04:12 PM driver.listeners.DriverEventListener beforeFindElement
INFO: Trying to find WebElement with locator By.xpath: //*[@title='Compute Engine']
Dec 03, 2023 7:04:12 PM driver.listeners.DriverEventListener afterFindElement
INFO: Found WebElement with locator By.xpath: //*[@title='Compute Engine']
Dec 03, 2023 7:04:12 PM driver.listeners.DriverEventListener afterFindElement
INFO: Found WebElement with locator By.xpath: //*[@title='Compute Engine']
Dec 03, 2023 7:04:12 PM driver.listeners.DriverEventListener afterFindElement
INFO: Found WebElement with locator By.xpath: //*[@title='Compute Engine']
Dec 03, 2023 7:04:12 PM driver.listeners.DriverEventListener afterFindElement
INFO: Found WebElement with locator By.xpath: //*[@title='Compute Engine']
Dec 03, 2023 7:04:12 PM driver.listeners.DriverEventListener afterFindElement
INFO: Found WebElement with locator By.xpath: //*[@title='Compute Engine']
Dec 03, 2023 7:04:12 PM driver.listeners.DriverEventListener afterFindElement
INFO: Found WebElement with locator By.xpath: //*[@title='Compute Engine']
Dec 03, 2023 7:04:12 PM driver.listeners.DriverEventListener afterFindElement
INFO: Found WebElement with locator By.xpath: //*[@title='Compute Engine']
Dec 03, 2023 7:04:12 PM driver.listeners.DriverEventListener afterFindElement
INFO: Found WebElement with locator By.xpath: //*[@title='Compute Engine']
Dec 03, 2023 7:04:12 PM driver.listeners.DriverEventListener afterFindElement
INFO: Found WebElement with locator By.xpath: //*[@title='Compute Engine']
Dec 03, 2023 7:04:12 PM driver.listeners.DriverEventListener afterFindElement
INFO: Found WebElement with locator By.xpath: //*[@title='Compute Engine']
Dec 03, 2023 7:04:12 PM driver.listeners.DriverEventListener beforeClick
INFO: Trying to click WebElement
Dec 03, 2023 7:04:12 PM driver.listeners.DriverEventListener beforeClick
INFO: Trying to click WebElement
Dec 03, 2023 7:04:12 PM driver.listeners.DriverEventListener beforeClick
INFO: Trying to click WebElement
Dec 03, 2023 7:04:12 PM driver.listeners.DriverEventListener beforeClick
INFO: Trying to click WebElement
Dec 03, 2023 7:04:12 PM driver.listeners.DriverEventListener beforeClick
INFO: Trying to click WebElement
Dec 03, 2023 7:04:12 PM driver.listeners.DriverEventListener beforeClick
INFO: Trying to click WebElement
Dec 03, 2023 7:04:12 PM driver.listeners.DriverEventListener beforeClick
INFO: Trying to click WebElement
Dec 03, 2023 7:04:12 PM driver.listeners.DriverEventListener beforeClick
INFO: Trying to click WebElement
Dec 03, 2023 7:04:12 PM driver.listeners.DriverEventListener beforeClick
INFO: Trying to click WebElement
Dec 03, 2023 7:04:12 PM driver.listeners.DriverEventListener beforeClick
INFO: Trying to click WebElement
Dec 03, 2023 7:04:12 PM driver.listeners.DriverEventListener afterClick
INFO: Clicked WebElement
Dec 03, 2023 7:04:12 PM driver.listeners.DriverEventListener afterClick
INFO: Clicked WebElement
Dec 03, 2023 7:04:12 PM driver.listeners.DriverEventListener afterClick
INFO: Clicked WebElement
Dec 03, 2023 7:04:12 PM driver.listeners.DriverEventListener afterClick
INFO: Clicked WebElement
Dec 03, 2023 7:04:12 PM driver.listeners.DriverEventListener afterClick
INFO: Clicked WebElement
Dec 03, 2023 7:04:12 PM driver.listeners.DriverEventListener afterClick
INFO: Clicked WebElement
Dec 03, 2023 7:04:12 PM driver.listeners.DriverEventListener afterClick
INFO: Clicked WebElement
Dec 03, 2023 7:04:12 PM driver.listeners.DriverEventListener afterClick
INFO: Clicked WebElement
Dec 03, 2023 7:04:12 PM driver.listeners.DriverEventListener afterClick
INFO: Clicked WebElement
Dec 03, 2023 7:04:12 PM driver.listeners.DriverEventListener afterClick
INFO: Clicked WebElement
Dec 03, 2023 7:04:12 PM page.Calculator clickComputeEngineSection
INFO: computeEngineSection zostal wcisniety
Dec 03, 2023 7:04:12 PM driver.listeners.DriverEventListener beforeFindElement
INFO: Trying to find WebElement with locator By.xpath: //*[@name='quantity']
Dec 03, 2023 7:04:12 PM driver.listeners.DriverEventListener beforeFindElement
INFO: Trying to find WebElement with locator By.xpath: //*[@name='quantity']
Dec 03, 2023 7:04:12 PM driver.listeners.DriverEventListener beforeFindElement
INFO: Trying to find WebElement with locator By.xpath: //*[@name='quantity']
Dec 03, 2023 7:04:12 PM driver.listeners.DriverEventListener beforeFindElement
INFO: Trying to find WebElement with locator By.xpath: //*[@name='quantity']
Dec 03, 2023 7:04:12 PM driver.listeners.DriverEventListener beforeFindElement
INFO: Trying to find WebElement with locator By.xpath: //*[@name='quantity']
Dec 03, 2023 7:04:12 PM driver.listeners.DriverEventListener beforeFindElement
INFO: Trying to find WebElement with locator By.xpath: //*[@name='quantity']
Dec 03, 2023 7:04:12 PM driver.listeners.DriverEventListener beforeFindElement
INFO: Trying to find WebElement with locator By.xpath: //*[@name='quantity']
Dec 03, 2023 7:04:12 PM driver.listeners.DriverEventListener beforeFindElement
INFO: Trying to find WebElement with locator By.xpath: //*[@name='quantity']
Dec 03, 2023 7:04:12 PM driver.listeners.DriverEventListener beforeFindElement
INFO: Trying to find WebElement with locator By.xpath: //*[@name='quantity']
Dec 03, 2023 7:04:12 PM driver.listeners.DriverEventListener beforeFindElement
INFO: Trying to find WebElement with locator By.xpath: //*[@name='quantity']
Dec 03, 2023 7:04:12 PM driver.listeners.DriverEventListener afterFindElement
INFO: Found WebElement with locator By.xpath: //*[@name='quantity']
Dec 03, 2023 7:04:12 PM driver.listeners.DriverEventListener afterFindElement
INFO: Found WebElement with locator By.xpath: //*[@name='quantity']
Dec 03, 2023 7:04:12 PM driver.listeners.DriverEventListener afterFindElement
INFO: Found WebElement with locator By.xpath: //*[@name='quantity']
Dec 03, 2023 7:04:12 PM driver.listeners.DriverEventListener afterFindElement
INFO: Found WebElement with locator By.xpath: //*[@name='quantity']
Dec 03, 2023 7:04:12 PM driver.listeners.DriverEventListener afterFindElement
INFO: Found WebElement with locator By.xpath: //*[@name='quantity']
Dec 03, 2023 7:04:12 PM driver.listeners.DriverEventListener afterFindElement
INFO: Found WebElement with locator By.xpath: //*[@name='quantity']
Dec 03, 2023 7:04:12 PM driver.listeners.DriverEventListener afterFindElement
INFO: Found WebElement with locator By.xpath: //*[@name='quantity']
Dec 03, 2023 7:04:12 PM driver.listeners.DriverEventListener afterFindElement
INFO: Found WebElement with locator By.xpath: //*[@name='quantity']
Dec 03, 2023 7:04:12 PM driver.listeners.DriverEventListener afterFindElement
INFO: Found WebElement with locator By.xpath: //*[@name='quantity']
Dec 03, 2023 7:04:12 PM driver.listeners.DriverEventListener afterFindElement
INFO: Found WebElement with locator By.xpath: //*[@name='quantity']
Dec 03, 2023 7:04:12 PM driver.listeners.DriverEventListener beforeSendKeys
INFO: Trying to type text [4]
Dec 03, 2023 7:04:12 PM driver.listeners.DriverEventListener beforeSendKeys
INFO: Trying to type text [4]
Dec 03, 2023 7:04:12 PM driver.listeners.DriverEventListener beforeSendKeys
INFO: Trying to type text [4]
Dec 03, 2023 7:04:12 PM driver.listeners.DriverEventListener beforeSendKeys
INFO: Trying to type text [4]
Dec 03, 2023 7:04:12 PM driver.listeners.DriverEventListener beforeSendKeys
INFO: Trying to type text [4]
Dec 03, 2023 7:04:12 PM driver.listeners.DriverEventListener beforeSendKeys
INFO: Trying to type text [4]
Dec 03, 2023 7:04:12 PM driver.listeners.DriverEventListener beforeSendKeys
INFO: Trying to type text [4]
Dec 03, 2023 7:04:12 PM driver.listeners.DriverEventListener beforeSendKeys
INFO: Trying to type text [4]
Dec 03, 2023 7:04:12 PM driver.listeners.DriverEventListener beforeSendKeys
INFO: Trying to type text [4]
Dec 03, 2023 7:04:12 PM driver.listeners.DriverEventListener beforeSendKeys
INFO: Trying to type text [4]
Dec 03, 2023 7:04:12 PM driver.listeners.DriverEventListener afterSendKeys
INFO: Typed text [4]
Dec 03, 2023 7:04:12 PM driver.listeners.DriverEventListener afterSendKeys
INFO: Typed text [4]
Dec 03, 2023 7:04:12 PM driver.listeners.DriverEventListener afterSendKeys
INFO: Typed text [4]
Dec 03, 2023 7:04:12 PM driver.listeners.DriverEventListener afterSendKeys
INFO: Typed text [4]
Dec 03, 2023 7:04:12 PM driver.listeners.DriverEventListener afterSendKeys
INFO: Typed text [4]
Dec 03, 2023 7:04:12 PM driver.listeners.DriverEventListener afterSendKeys
INFO: Typed text [4]
Dec 03, 2023 7:04:12 PM driver.listeners.DriverEventListener afterSendKeys
INFO: Typed text [4]
Dec 03, 2023 7:04:12 PM driver.listeners.DriverEventListener afterSendKeys
INFO: Typed text [4]
Dec 03, 2023 7:04:12 PM driver.listeners.DriverEventListener afterSendKeys
INFO: Typed text [4]
Dec 03, 2023 7:04:12 PM driver.listeners.DriverEventListener afterSendKeys
INFO: Typed text [4]
Dec 03, 2023 7:04:12 PM page.Calculator setNumberOfInstances
INFO: numberOfInstancesInput zostal ustawiony wartoscia: 4
Dec 03, 2023 7:04:12 PM driver.listeners.DriverEventListener beforeFindElement
INFO: Trying to find WebElement with locator By.xpath: //input[@ng-model='listingCtrl.computeServer.quantity']
Dec 03, 2023 7:04:12 PM driver.listeners.DriverEventListener beforeFindElement
INFO: Trying to find WebElement with locator By.xpath: //input[@ng-model='listingCtrl.computeServer.quantity']
Dec 03, 2023 7:04:12 PM driver.listeners.DriverEventListener beforeFindElement
INFO: Trying to find WebElement with locator By.xpath: //input[@ng-model='listingCtrl.computeServer.quantity']
Dec 03, 2023 7:04:12 PM driver.listeners.DriverEventListener beforeFindElement
INFO: Trying to find WebElement with locator By.xpath: //input[@ng-model='listingCtrl.computeServer.quantity']
Dec 03, 2023 7:04:12 PM driver.listeners.DriverEventListener beforeFindElement
INFO: Trying to find WebElement with locator By.xpath: //input[@ng-model='listingCtrl.computeServer.quantity']
Dec 03, 2023 7:04:12 PM driver.listeners.DriverEventListener beforeFindElement
INFO: Trying to find WebElement with locator By.xpath: //input[@ng-model='listingCtrl.computeServer.quantity']
Dec 03, 2023 7:04:12 PM driver.listeners.DriverEventListener beforeFindElement
INFO: Trying to find WebElement with locator By.xpath: //input[@ng-model='listingCtrl.computeServer.quantity']
Dec 03, 2023 7:04:12 PM driver.listeners.DriverEventListener beforeFindElement
INFO: Trying to find WebElement with locator By.xpath: //input[@ng-model='listingCtrl.computeServer.quantity']
Dec 03, 2023 7:04:12 PM driver.listeners.DriverEventListener beforeFindElement
INFO: Trying to find WebElement with locator By.xpath: //input[@ng-model='listingCtrl.computeServer.quantity']
Dec 03, 2023 7:04:12 PM driver.listeners.DriverEventListener beforeFindElement
INFO: Trying to find WebElement with locator By.xpath: //input[@ng-model='listingCtrl.computeServer.quantity']
Dec 03, 2023 7:04:12 PM driver.listeners.DriverEventListener afterFindElement
INFO: Found WebElement with locator By.xpath: //input[@ng-model='listingCtrl.computeServer.quantity']
Dec 03, 2023 7:04:12 PM driver.listeners.DriverEventListener afterFindElement
INFO: Found WebElement with locator By.xpath: //input[@ng-model='listingCtrl.computeServer.quantity']
Dec 03, 2023 7:04:12 PM driver.listeners.DriverEventListener afterFindElement
INFO: Found WebElement with locator By.xpath: //input[@ng-model='listingCtrl.computeServer.quantity']
Dec 03, 2023 7:04:12 PM driver.listeners.DriverEventListener afterFindElement
INFO: Found WebElement with locator By.xpath: //input[@ng-model='listingCtrl.computeServer.quantity']
Dec 03, 2023 7:04:12 PM driver.listeners.DriverEventListener afterFindElement
INFO: Found WebElement with locator By.xpath: //input[@ng-model='listingCtrl.computeServer.quantity']
Dec 03, 2023 7:04:12 PM driver.listeners.DriverEventListener afterFindElement
INFO: Found WebElement with locator By.xpath: //input[@ng-model='listingCtrl.computeServer.quantity']
Dec 03, 2023 7:04:12 PM driver.listeners.DriverEventListener afterFindElement
INFO: Found WebElement with locator By.xpath: //input[@ng-model='listingCtrl.computeServer.quantity']
Dec 03, 2023 7:04:12 PM driver.listeners.DriverEventListener afterFindElement
INFO: Found WebElement with locator By.xpath: //input[@ng-model='listingCtrl.computeServer.quantity']
Dec 03, 2023 7:04:12 PM driver.listeners.DriverEventListener afterFindElement
INFO: Found WebElement with locator By.xpath: //input[@ng-model='listingCtrl.computeServer.quantity']
Dec 03, 2023 7:04:12 PM driver.listeners.DriverEventListener afterFindElement
INFO: Found WebElement with locator By.xpath: //input[@ng-model='listingCtrl.computeServer.quantity']
Dec 03, 2023 7:04:12 PM driver.listeners.DriverEventListener beforeSendKeys
INFO: Trying to type text []
Dec 03, 2023 7:04:12 PM driver.listeners.DriverEventListener beforeSendKeys
INFO: Trying to type text []
Dec 03, 2023 7:04:12 PM driver.listeners.DriverEventListener beforeSendKeys
INFO: Trying to type text []
Dec 03, 2023 7:04:12 PM driver.listeners.DriverEventListener beforeSendKeys
INFO: Trying to type text []
Dec 03, 2023 7:04:12 PM driver.listeners.DriverEventListener beforeSendKeys
INFO: Trying to type text []
Dec 03, 2023 7:04:12 PM driver.listeners.DriverEventListener beforeSendKeys
INFO: Trying to type text []
Dec 03, 2023 7:04:12 PM driver.listeners.DriverEventListener beforeSendKeys
INFO: Trying to type text []
Dec 03, 2023 7:04:12 PM driver.listeners.DriverEventListener beforeSendKeys
INFO: Trying to type text []
Dec 03, 2023 7:04:12 PM driver.listeners.DriverEventListener beforeSendKeys
INFO: Trying to type text []
Dec 03, 2023 7:04:12 PM driver.listeners.DriverEventListener beforeSendKeys
INFO: Trying to type text []
Dec 03, 2023 7:04:12 PM driver.listeners.DriverEventListener afterSendKeys
INFO: Typed text []
Dec 03, 2023 7:04:12 PM driver.listeners.DriverEventListener afterSendKeys
INFO: Typed text []
Dec 03, 2023 7:04:12 PM driver.listeners.DriverEventListener afterSendKeys
INFO: Typed text []
Dec 03, 2023 7:04:12 PM driver.listeners.DriverEventListener afterSendKeys
INFO: Typed text []
Dec 03, 2023 7:04:12 PM driver.listeners.DriverEventListener afterSendKeys
INFO: Typed text []
Dec 03, 2023 7:04:12 PM driver.listeners.DriverEventListener afterSendKeys
INFO: Typed text []
Dec 03, 2023 7:04:12 PM driver.listeners.DriverEventListener afterSendKeys
INFO: Typed text []
Dec 03, 2023 7:04:12 PM driver.listeners.DriverEventListener afterSendKeys
INFO: Typed text []
Dec 03, 2023 7:04:12 PM driver.listeners.DriverEventListener afterSendKeys
INFO: Typed text []
Dec 03, 2023 7:04:12 PM driver.listeners.DriverEventListener afterSendKeys
INFO: Typed text []
Dec 03, 2023 7:04:12 PM page.Calculator setInstancesReasonInput
INFO: instancesReasonInput zostal ustawiony wartoscia: 
Dec 03, 2023 7:04:12 PM driver.listeners.DriverEventListener beforeFindElement
INFO: Trying to find WebElement with locator By.xpath: //md-select-value[@id='select_value_label_95']
Dec 03, 2023 7:04:12 PM driver.listeners.DriverEventListener beforeFindElement
INFO: Trying to find WebElement with locator By.xpath: //md-select-value[@id='select_value_label_95']
Dec 03, 2023 7:04:12 PM driver.listeners.DriverEventListener beforeFindElement
INFO: Trying to find WebElement with locator By.xpath: //md-select-value[@id='select_value_label_95']
Dec 03, 2023 7:04:12 PM driver.listeners.DriverEventListener beforeFindElement
INFO: Trying to find WebElement with locator By.xpath: //md-select-value[@id='select_value_label_95']
Dec 03, 2023 7:04:12 PM driver.listeners.DriverEventListener beforeFindElement
INFO: Trying to find WebElement with locator By.xpath: //md-select-value[@id='select_value_label_95']
Dec 03, 2023 7:04:12 PM driver.listeners.DriverEventListener beforeFindElement
INFO: Trying to find WebElement with locator By.xpath: //md-select-value[@id='select_value_label_95']
Dec 03, 2023 7:04:12 PM driver.listeners.DriverEventListener beforeFindElement
INFO: Trying to find WebElement with locator By.xpath: //md-select-value[@id='select_value_label_95']
Dec 03, 2023 7:04:12 PM driver.listeners.DriverEventListener beforeFindElement
INFO: Trying to find WebElement with locator By.xpath: //md-select-value[@id='select_value_label_95']
Dec 03, 2023 7:04:12 PM driver.listeners.DriverEventListener beforeFindElement
INFO: Trying to find WebElement with locator By.xpath: //md-select-value[@id='select_value_label_95']
Dec 03, 2023 7:04:12 PM driver.listeners.DriverEventListener beforeFindElement
INFO: Trying to find WebElement with locator By.xpath: //md-select-value[@id='select_value_label_95']
Dec 03, 2023 7:04:12 PM driver.listeners.DriverEventListener afterFindElement
INFO: Found WebElement with locator By.xpath: //md-select-value[@id='select_value_label_95']
Dec 03, 2023 7:04:12 PM driver.listeners.DriverEventListener afterFindElement
INFO: Found WebElement with locator By.xpath: //md-select-value[@id='select_value_label_95']
Dec 03, 2023 7:04:12 PM driver.listeners.DriverEventListener afterFindElement
INFO: Found WebElement with locator By.xpath: //md-select-value[@id='select_value_label_95']
Dec 03, 2023 7:04:12 PM driver.listeners.DriverEventListener afterFindElement
INFO: Found WebElement with locator By.xpath: //md-select-value[@id='select_value_label_95']
Dec 03, 2023 7:04:12 PM driver.listeners.DriverEventListener afterFindElement
INFO: Found WebElement with locator By.xpath: //md-select-value[@id='select_value_label_95']
Dec 03, 2023 7:04:12 PM driver.listeners.DriverEventListener afterFindElement
INFO: Found WebElement with locator By.xpath: //md-select-value[@id='select_value_label_95']
Dec 03, 2023 7:04:12 PM driver.listeners.DriverEventListener afterFindElement
INFO: Found WebElement with locator By.xpath: //md-select-value[@id='select_value_label_95']
Dec 03, 2023 7:04:12 PM driver.listeners.DriverEventListener afterFindElement
INFO: Found WebElement with locator By.xpath: //md-select-value[@id='select_value_label_95']
Dec 03, 2023 7:04:12 PM driver.listeners.DriverEventListener afterFindElement
INFO: Found WebElement with locator By.xpath: //md-select-value[@id='select_value_label_95']
Dec 03, 2023 7:04:12 PM driver.listeners.DriverEventListener afterFindElement
INFO: Found WebElement with locator By.xpath: //md-select-value[@id='select_value_label_95']
Dec 03, 2023 7:04:12 PM driver.listeners.DriverEventListener beforeClick
INFO: Trying to click WebElement
Dec 03, 2023 7:04:12 PM driver.listeners.DriverEventListener beforeClick
INFO: Trying to click WebElement
Dec 03, 2023 7:04:12 PM driver.listeners.DriverEventListener beforeClick
INFO: Trying to click WebElement
Dec 03, 2023 7:04:12 PM driver.listeners.DriverEventListener beforeClick
INFO: Trying to click WebElement
Dec 03, 2023 7:04:12 PM driver.listeners.DriverEventListener beforeClick
INFO: Trying to click WebElement
Dec 03, 2023 7:04:12 PM driver.listeners.DriverEventListener beforeClick
INFO: Trying to click WebElement
Dec 03, 2023 7:04:12 PM driver.listeners.DriverEventListener beforeClick
INFO: Trying to click WebElement
Dec 03, 2023 7:04:12 PM driver.listeners.DriverEventListener beforeClick
INFO: Trying to click WebElement
Dec 03, 2023 7:04:12 PM driver.listeners.DriverEventListener beforeClick
INFO: Trying to click WebElement
Dec 03, 2023 7:04:12 PM driver.listeners.DriverEventListener beforeClick
INFO: Trying to click WebElement
Dec 03, 2023 7:04:13 PM driver.listeners.DriverEventListener afterClick
INFO: Clicked WebElement
Dec 03, 2023 7:04:13 PM driver.listeners.DriverEventListener afterClick
INFO: Clicked WebElement
Dec 03, 2023 7:04:13 PM driver.listeners.DriverEventListener afterClick
INFO: Clicked WebElement
Dec 03, 2023 7:04:13 PM driver.listeners.DriverEventListener afterClick
INFO: Clicked WebElement
Dec 03, 2023 7:04:13 PM driver.listeners.DriverEventListener afterClick
INFO: Clicked WebElement
Dec 03, 2023 7:04:13 PM driver.listeners.DriverEventListener afterClick
INFO: Clicked WebElement
Dec 03, 2023 7:04:13 PM driver.listeners.DriverEventListener afterClick
INFO: Clicked WebElement
Dec 03, 2023 7:04:13 PM driver.listeners.DriverEventListener afterClick
INFO: Clicked WebElement
Dec 03, 2023 7:04:13 PM driver.listeners.DriverEventListener afterClick
INFO: Clicked WebElement
Dec 03, 2023 7:04:13 PM driver.listeners.DriverEventListener afterClick
INFO: Clicked WebElement
Dec 03, 2023 7:04:13 PM page.Calculator clickMachineFamilySelect
INFO: machineFamilySelect zostal wcisniety
Dec 03, 2023 7:04:13 PM driver.listeners.DriverEventListener beforeFindElement
INFO: Trying to find WebElement with locator By.xpath: //div[@class='md-text' and contains(text(), 'General purpose')]
Dec 03, 2023 7:04:13 PM driver.listeners.DriverEventListener beforeFindElement
INFO: Trying to find WebElement with locator By.xpath: //div[@class='md-text' and contains(text(), 'General purpose')]
Dec 03, 2023 7:04:13 PM driver.listeners.DriverEventListener beforeFindElement
INFO: Trying to find WebElement with locator By.xpath: //div[@class='md-text' and contains(text(), 'General purpose')]
Dec 03, 2023 7:04:13 PM driver.listeners.DriverEventListener beforeFindElement
INFO: Trying to find WebElement with locator By.xpath: //div[@class='md-text' and contains(text(), 'General purpose')]
Dec 03, 2023 7:04:13 PM driver.listeners.DriverEventListener beforeFindElement
INFO: Trying to find WebElement with locator By.xpath: //div[@class='md-text' and contains(text(), 'General purpose')]
Dec 03, 2023 7:04:13 PM driver.listeners.DriverEventListener beforeFindElement
INFO: Trying to find WebElement with locator By.xpath: //div[@class='md-text' and contains(text(), 'General purpose')]
Dec 03, 2023 7:04:13 PM driver.listeners.DriverEventListener beforeFindElement
INFO: Trying to find WebElement with locator By.xpath: //div[@class='md-text' and contains(text(), 'General purpose')]
Dec 03, 2023 7:04:13 PM driver.listeners.DriverEventListener beforeFindElement
INFO: Trying to find WebElement with locator By.xpath: //div[@class='md-text' and contains(text(), 'General purpose')]
Dec 03, 2023 7:04:13 PM driver.listeners.DriverEventListener beforeFindElement
INFO: Trying to find WebElement with locator By.xpath: //div[@class='md-text' and contains(text(), 'General purpose')]
Dec 03, 2023 7:04:13 PM driver.listeners.DriverEventListener beforeFindElement
INFO: Trying to find WebElement with locator By.xpath: //div[@class='md-text' and contains(text(), 'General purpose')]
Dec 03, 2023 7:04:13 PM driver.listeners.DriverEventListener beforeFindElement
INFO: Trying to find WebElement with locator By.xpath: //div[@class='md-text' and contains(text(), 'General purpose')]
Dec 03, 2023 7:04:13 PM driver.listeners.DriverEventListener beforeFindElement
INFO: Trying to find WebElement with locator By.xpath: //div[@class='md-text' and contains(text(), 'General purpose')]
Dec 03, 2023 7:04:13 PM driver.listeners.DriverEventListener beforeFindElement
INFO: Trying to find WebElement with locator By.xpath: //div[@class='md-text' and contains(text(), 'General purpose')]
Dec 03, 2023 7:04:13 PM driver.listeners.DriverEventListener beforeFindElement
INFO: Trying to find WebElement with locator By.xpath: //div[@class='md-text' and contains(text(), 'General purpose')]
Dec 03, 2023 7:04:13 PM driver.listeners.DriverEventListener afterFindElement
INFO: Found WebElement with locator By.xpath: //div[@class='md-text' and contains(text(), 'General purpose')]
Dec 03, 2023 7:04:13 PM driver.listeners.DriverEventListener afterFindElement
INFO: Found WebElement with locator By.xpath: //div[@class='md-text' and contains(text(), 'General purpose')]
Dec 03, 2023 7:04:13 PM driver.listeners.DriverEventListener afterFindElement
INFO: Found WebElement with locator By.xpath: //div[@class='md-text' and contains(text(), 'General purpose')]
Dec 03, 2023 7:04:13 PM driver.listeners.DriverEventListener afterFindElement
INFO: Found WebElement with locator By.xpath: //div[@class='md-text' and contains(text(), 'General purpose')]
Dec 03, 2023 7:04:13 PM driver.listeners.DriverEventListener afterFindElement
INFO: Found WebElement with locator By.xpath: //div[@class='md-text' and contains(text(), 'General purpose')]
Dec 03, 2023 7:04:13 PM driver.listeners.DriverEventListener afterFindElement
INFO: Found WebElement with locator By.xpath: //div[@class='md-text' and contains(text(), 'General purpose')]
Dec 03, 2023 7:04:13 PM driver.listeners.DriverEventListener afterFindElement
INFO: Found WebElement with locator By.xpath: //div[@class='md-text' and contains(text(), 'General purpose')]
Dec 03, 2023 7:04:13 PM driver.listeners.DriverEventListener afterFindElement
INFO: Found WebElement with locator By.xpath: //div[@class='md-text' and contains(text(), 'General purpose')]
Dec 03, 2023 7:04:13 PM driver.listeners.DriverEventListener afterFindElement
INFO: Found WebElement with locator By.xpath: //div[@class='md-text' and contains(text(), 'General purpose')]
Dec 03, 2023 7:04:13 PM driver.listeners.DriverEventListener afterFindElement
INFO: Found WebElement with locator By.xpath: //div[@class='md-text' and contains(text(), 'General purpose')]
Dec 03, 2023 7:04:13 PM driver.listeners.DriverEventListener afterFindElement
INFO: Found WebElement with locator By.xpath: //div[@class='md-text' and contains(text(), 'General purpose')]
Dec 03, 2023 7:04:13 PM driver.listeners.DriverEventListener afterFindElement
INFO: Found WebElement with locator By.xpath: //div[@class='md-text' and contains(text(), 'General purpose')]
Dec 03, 2023 7:04:13 PM driver.listeners.DriverEventListener afterFindElement
INFO: Found WebElement with locator By.xpath: //div[@class='md-text' and contains(text(), 'General purpose')]
Dec 03, 2023 7:04:13 PM driver.listeners.DriverEventListener afterFindElement
INFO: Found WebElement with locator By.xpath: //div[@class='md-text' and contains(text(), 'General purpose')]
Dec 03, 2023 7:04:14 PM page.Calculator setMachineFamily
INFO: machineFamilyOption zostal ustawiony wartoscia: General purpose
Dec 03, 2023 7:04:14 PM driver.listeners.DriverEventListener beforeFindElement
INFO: Trying to find WebElement with locator By.xpath: //*[@id='select_value_label_96']
Dec 03, 2023 7:04:14 PM driver.listeners.DriverEventListener beforeFindElement
INFO: Trying to find WebElement with locator By.xpath: //*[@id='select_value_label_96']
Dec 03, 2023 7:04:14 PM driver.listeners.DriverEventListener beforeFindElement
INFO: Trying to find WebElement with locator By.xpath: //*[@id='select_value_label_96']
Dec 03, 2023 7:04:14 PM driver.listeners.DriverEventListener beforeFindElement
INFO: Trying to find WebElement with locator By.xpath: //*[@id='select_value_label_96']
Dec 03, 2023 7:04:14 PM driver.listeners.DriverEventListener beforeFindElement
INFO: Trying to find WebElement with locator By.xpath: //*[@id='select_value_label_96']
Dec 03, 2023 7:04:14 PM driver.listeners.DriverEventListener beforeFindElement
INFO: Trying to find WebElement with locator By.xpath: //*[@id='select_value_label_96']
Dec 03, 2023 7:04:14 PM driver.listeners.DriverEventListener beforeFindElement
INFO: Trying to find WebElement with locator By.xpath: //*[@id='select_value_label_96']
Dec 03, 2023 7:04:14 PM driver.listeners.DriverEventListener beforeFindElement
INFO: Trying to find WebElement with locator By.xpath: //*[@id='select_value_label_96']
Dec 03, 2023 7:04:14 PM driver.listeners.DriverEventListener beforeFindElement
INFO: Trying to find WebElement with locator By.xpath: //*[@id='select_value_label_96']
Dec 03, 2023 7:04:14 PM driver.listeners.DriverEventListener beforeFindElement
INFO: Trying to find WebElement with locator By.xpath: //*[@id='select_value_label_96']
Dec 03, 2023 7:04:14 PM driver.listeners.DriverEventListener afterFindElement
INFO: Found WebElement with locator By.xpath: //*[@id='select_value_label_96']
Dec 03, 2023 7:04:14 PM driver.listeners.DriverEventListener afterFindElement
INFO: Found WebElement with locator By.xpath: //*[@id='select_value_label_96']
Dec 03, 2023 7:04:14 PM driver.listeners.DriverEventListener afterFindElement
INFO: Found WebElement with locator By.xpath: //*[@id='select_value_label_96']
Dec 03, 2023 7:04:14 PM driver.listeners.DriverEventListener afterFindElement
INFO: Found WebElement with locator By.xpath: //*[@id='select_value_label_96']
Dec 03, 2023 7:04:14 PM driver.listeners.DriverEventListener afterFindElement
INFO: Found WebElement with locator By.xpath: //*[@id='select_value_label_96']
Dec 03, 2023 7:04:14 PM driver.listeners.DriverEventListener afterFindElement
INFO: Found WebElement with locator By.xpath: //*[@id='select_value_label_96']
Dec 03, 2023 7:04:14 PM driver.listeners.DriverEventListener afterFindElement
INFO: Found WebElement with locator By.xpath: //*[@id='select_value_label_96']
Dec 03, 2023 7:04:14 PM driver.listeners.DriverEventListener afterFindElement
INFO: Found WebElement with locator By.xpath: //*[@id='select_value_label_96']
Dec 03, 2023 7:04:14 PM driver.listeners.DriverEventListener afterFindElement
INFO: Found WebElement with locator By.xpath: //*[@id='select_value_label_96']
Dec 03, 2023 7:04:14 PM driver.listeners.DriverEventListener afterFindElement
INFO: Found WebElement with locator By.xpath: //*[@id='select_value_label_96']
Dec 03, 2023 7:04:14 PM driver.listeners.DriverEventListener beforeClick
INFO: Trying to click WebElement
Dec 03, 2023 7:04:14 PM driver.listeners.DriverEventListener beforeClick
INFO: Trying to click WebElement
Dec 03, 2023 7:04:14 PM driver.listeners.DriverEventListener beforeClick
INFO: Trying to click WebElement
Dec 03, 2023 7:04:14 PM driver.listeners.DriverEventListener beforeClick
INFO: Trying to click WebElement
Dec 03, 2023 7:04:14 PM driver.listeners.DriverEventListener beforeClick
INFO: Trying to click WebElement
Dec 03, 2023 7:04:14 PM driver.listeners.DriverEventListener beforeClick
INFO: Trying to click WebElement
Dec 03, 2023 7:04:14 PM driver.listeners.DriverEventListener beforeClick
INFO: Trying to click WebElement
Dec 03, 2023 7:04:14 PM driver.listeners.DriverEventListener beforeClick
INFO: Trying to click WebElement
Dec 03, 2023 7:04:14 PM driver.listeners.DriverEventListener beforeClick
INFO: Trying to click WebElement
Dec 03, 2023 7:04:14 PM driver.listeners.DriverEventListener beforeClick
INFO: Trying to click WebElement
Dec 03, 2023 7:04:14 PM driver.listeners.DriverEventListener afterClick
INFO: Clicked WebElement
Dec 03, 2023 7:04:14 PM driver.listeners.DriverEventListener afterClick
INFO: Clicked WebElement
Dec 03, 2023 7:04:14 PM driver.listeners.DriverEventListener afterClick
INFO: Clicked WebElement
Dec 03, 2023 7:04:14 PM driver.listeners.DriverEventListener afterClick
INFO: Clicked WebElement
Dec 03, 2023 7:04:14 PM driver.listeners.DriverEventListener afterClick
INFO: Clicked WebElement
Dec 03, 2023 7:04:14 PM driver.listeners.DriverEventListener afterClick
INFO: Clicked WebElement
Dec 03, 2023 7:04:14 PM driver.listeners.DriverEventListener afterClick
INFO: Clicked WebElement
Dec 03, 2023 7:04:14 PM driver.listeners.DriverEventListener afterClick
INFO: Clicked WebElement
Dec 03, 2023 7:04:14 PM driver.listeners.DriverEventListener afterClick
INFO: Clicked WebElement
Dec 03, 2023 7:04:14 PM driver.listeners.DriverEventListener afterClick
INFO: Clicked WebElement
Dec 03, 2023 7:04:14 PM page.Calculator clickSeriesSelect
INFO: seriesSelect zostal wcisniety
Dec 03, 2023 7:04:14 PM driver.listeners.DriverEventListener beforeFindElement
INFO: Trying to find WebElement with locator By.xpath: //div[@class='md-text ng-binding' and contains(text(), 'N1')]
Dec 03, 2023 7:04:14 PM driver.listeners.DriverEventListener beforeFindElement
INFO: Trying to find WebElement with locator By.xpath: //div[@class='md-text ng-binding' and contains(text(), 'N1')]
Dec 03, 2023 7:04:14 PM driver.listeners.DriverEventListener beforeFindElement
INFO: Trying to find WebElement with locator By.xpath: //div[@class='md-text ng-binding' and contains(text(), 'N1')]
Dec 03, 2023 7:04:14 PM driver.listeners.DriverEventListener beforeFindElement
INFO: Trying to find WebElement with locator By.xpath: //div[@class='md-text ng-binding' and contains(text(), 'N1')]
Dec 03, 2023 7:04:14 PM driver.listeners.DriverEventListener beforeFindElement
INFO: Trying to find WebElement with locator By.xpath: //div[@class='md-text ng-binding' and contains(text(), 'N1')]
Dec 03, 2023 7:04:14 PM driver.listeners.DriverEventListener beforeFindElement
INFO: Trying to find WebElement with locator By.xpath: //div[@class='md-text ng-binding' and contains(text(), 'N1')]
Dec 03, 2023 7:04:14 PM driver.listeners.DriverEventListener beforeFindElement
INFO: Trying to find WebElement with locator By.xpath: //div[@class='md-text ng-binding' and contains(text(), 'N1')]
Dec 03, 2023 7:04:14 PM driver.listeners.DriverEventListener beforeFindElement
INFO: Trying to find WebElement with locator By.xpath: //div[@class='md-text ng-binding' and contains(text(), 'N1')]
Dec 03, 2023 7:04:14 PM driver.listeners.DriverEventListener beforeFindElement
INFO: Trying to find WebElement with locator By.xpath: //div[@class='md-text ng-binding' and contains(text(), 'N1')]
Dec 03, 2023 7:04:14 PM driver.listeners.DriverEventListener beforeFindElement
INFO: Trying to find WebElement with locator By.xpath: //div[@class='md-text ng-binding' and contains(text(), 'N1')]
Dec 03, 2023 7:04:14 PM driver.listeners.DriverEventListener beforeFindElement
INFO: Trying to find WebElement with locator By.xpath: //div[@class='md-text ng-binding' and contains(text(), 'N1')]
Dec 03, 2023 7:04:14 PM driver.listeners.DriverEventListener beforeFindElement
INFO: Trying to find WebElement with locator By.xpath: //div[@class='md-text ng-binding' and contains(text(), 'N1')]
Dec 03, 2023 7:04:14 PM driver.listeners.DriverEventListener beforeFindElement
INFO: Trying to find WebElement with locator By.xpath: //div[@class='md-text ng-binding' and contains(text(), 'N1')]
Dec 03, 2023 7:04:14 PM driver.listeners.DriverEventListener beforeFindElement
INFO: Trying to find WebElement with locator By.xpath: //div[@class='md-text ng-binding' and contains(text(), 'N1')]
Dec 03, 2023 7:04:14 PM driver.listeners.DriverEventListener beforeFindElement
INFO: Trying to find WebElement with locator By.xpath: //div[@class='md-text ng-binding' and contains(text(), 'N1')]
Dec 03, 2023 7:04:14 PM driver.listeners.DriverEventListener beforeFindElement
INFO: Trying to find WebElement with locator By.xpath: //div[@class='md-text ng-binding' and contains(text(), 'N1')]
Dec 03, 2023 7:04:14 PM driver.listeners.DriverEventListener afterFindElement
INFO: Found WebElement with locator By.xpath: //div[@class='md-text ng-binding' and contains(text(), 'N1')]
Dec 03, 2023 7:04:14 PM driver.listeners.DriverEventListener afterFindElement
INFO: Found WebElement with locator By.xpath: //div[@class='md-text ng-binding' and contains(text(), 'N1')]
Dec 03, 2023 7:04:14 PM driver.listeners.DriverEventListener afterFindElement
INFO: Found WebElement with locator By.xpath: //div[@class='md-text ng-binding' and contains(text(), 'N1')]
Dec 03, 2023 7:04:14 PM driver.listeners.DriverEventListener afterFindElement
INFO: Found WebElement with locator By.xpath: //div[@class='md-text ng-binding' and contains(text(), 'N1')]
Dec 03, 2023 7:04:14 PM driver.listeners.DriverEventListener afterFindElement
INFO: Found WebElement with locator By.xpath: //div[@class='md-text ng-binding' and contains(text(), 'N1')]
Dec 03, 2023 7:04:14 PM driver.listeners.DriverEventListener afterFindElement
INFO: Found WebElement with locator By.xpath: //div[@class='md-text ng-binding' and contains(text(), 'N1')]
Dec 03, 2023 7:04:14 PM driver.listeners.DriverEventListener afterFindElement
INFO: Found WebElement with locator By.xpath: //div[@class='md-text ng-binding' and contains(text(), 'N1')]
Dec 03, 2023 7:04:14 PM driver.listeners.DriverEventListener afterFindElement
INFO: Found WebElement with locator By.xpath: //div[@class='md-text ng-binding' and contains(text(), 'N1')]
Dec 03, 2023 7:04:14 PM driver.listeners.DriverEventListener afterFindElement
INFO: Found WebElement with locator By.xpath: //div[@class='md-text ng-binding' and contains(text(), 'N1')]
Dec 03, 2023 7:04:14 PM driver.listeners.DriverEventListener afterFindElement
INFO: Found WebElement with locator By.xpath: //div[@class='md-text ng-binding' and contains(text(), 'N1')]
Dec 03, 2023 7:04:14 PM driver.listeners.DriverEventListener afterFindElement
INFO: Found WebElement with locator By.xpath: //div[@class='md-text ng-binding' and contains(text(), 'N1')]
Dec 03, 2023 7:04:14 PM driver.listeners.DriverEventListener afterFindElement
INFO: Found WebElement with locator By.xpath: //div[@class='md-text ng-binding' and contains(text(), 'N1')]
Dec 03, 2023 7:04:14 PM driver.listeners.DriverEventListener afterFindElement
INFO: Found WebElement with locator By.xpath: //div[@class='md-text ng-binding' and contains(text(), 'N1')]
Dec 03, 2023 7:04:14 PM driver.listeners.DriverEventListener afterFindElement
INFO: Found WebElement with locator By.xpath: //div[@class='md-text ng-binding' and contains(text(), 'N1')]
Dec 03, 2023 7:04:14 PM driver.listeners.DriverEventListener afterFindElement
INFO: Found WebElement with locator By.xpath: //div[@class='md-text ng-binding' and contains(text(), 'N1')]
Dec 03, 2023 7:04:14 PM driver.listeners.DriverEventListener afterFindElement
INFO: Found WebElement with locator By.xpath: //div[@class='md-text ng-binding' and contains(text(), 'N1')]
Dec 03, 2023 7:04:15 PM page.Calculator setSeries
INFO: seriesOption zostal ustawiony wartoscia: N1
Dec 03, 2023 7:04:15 PM driver.listeners.DriverEventListener beforeFindElement
INFO: Trying to find WebElement with locator By.xpath: //md-checkbox[@ng-model='listingCtrl.computeServer.addGPUs']
Dec 03, 2023 7:04:15 PM driver.listeners.DriverEventListener beforeFindElement
INFO: Trying to find WebElement with locator By.xpath: //md-checkbox[@ng-model='listingCtrl.computeServer.addGPUs']
Dec 03, 2023 7:04:15 PM driver.listeners.DriverEventListener beforeFindElement
INFO: Trying to find WebElement with locator By.xpath: //md-checkbox[@ng-model='listingCtrl.computeServer.addGPUs']
Dec 03, 2023 7:04:15 PM driver.listeners.DriverEventListener beforeFindElement
INFO: Trying to find WebElement with locator By.xpath: //md-checkbox[@ng-model='listingCtrl.computeServer.addGPUs']
Dec 03, 2023 7:04:15 PM driver.listeners.DriverEventListener beforeFindElement
INFO: Trying to find WebElement with locator By.xpath: //md-checkbox[@ng-model='listingCtrl.computeServer.addGPUs']
Dec 03, 2023 7:04:15 PM driver.listeners.DriverEventListener beforeFindElement
INFO: Trying to find WebElement with locator By.xpath: //md-checkbox[@ng-model='listingCtrl.computeServer.addGPUs']
Dec 03, 2023 7:04:15 PM driver.listeners.DriverEventListener beforeFindElement
INFO: Trying to find WebElement with locator By.xpath: //md-checkbox[@ng-model='listingCtrl.computeServer.addGPUs']
Dec 03, 2023 7:04:15 PM driver.listeners.DriverEventListener beforeFindElement
INFO: Trying to find WebElement with locator By.xpath: //md-checkbox[@ng-model='listingCtrl.computeServer.addGPUs']
Dec 03, 2023 7:04:15 PM driver.listeners.DriverEventListener beforeFindElement
INFO: Trying to find WebElement with locator By.xpath: //md-checkbox[@ng-model='listingCtrl.computeServer.addGPUs']
Dec 03, 2023 7:04:15 PM driver.listeners.DriverEventListener beforeFindElement
INFO: Trying to find WebElement with locator By.xpath: //md-checkbox[@ng-model='listingCtrl.computeServer.addGPUs']
Dec 03, 2023 7:04:15 PM driver.listeners.DriverEventListener afterFindElement
INFO: Found WebElement with locator By.xpath: //md-checkbox[@ng-model='listingCtrl.computeServer.addGPUs']
Dec 03, 2023 7:04:15 PM driver.listeners.DriverEventListener afterFindElement
INFO: Found WebElement with locator By.xpath: //md-checkbox[@ng-model='listingCtrl.computeServer.addGPUs']
Dec 03, 2023 7:04:15 PM driver.listeners.DriverEventListener afterFindElement
INFO: Found WebElement with locator By.xpath: //md-checkbox[@ng-model='listingCtrl.computeServer.addGPUs']
Dec 03, 2023 7:04:15 PM driver.listeners.DriverEventListener afterFindElement
INFO: Found WebElement with locator By.xpath: //md-checkbox[@ng-model='listingCtrl.computeServer.addGPUs']
Dec 03, 2023 7:04:15 PM driver.listeners.DriverEventListener afterFindElement
INFO: Found WebElement with locator By.xpath: //md-checkbox[@ng-model='listingCtrl.computeServer.addGPUs']
Dec 03, 2023 7:04:15 PM driver.listeners.DriverEventListener afterFindElement
INFO: Found WebElement with locator By.xpath: //md-checkbox[@ng-model='listingCtrl.computeServer.addGPUs']
Dec 03, 2023 7:04:15 PM driver.listeners.DriverEventListener afterFindElement
INFO: Found WebElement with locator By.xpath: //md-checkbox[@ng-model='listingCtrl.computeServer.addGPUs']
Dec 03, 2023 7:04:15 PM driver.listeners.DriverEventListener afterFindElement
INFO: Found WebElement with locator By.xpath: //md-checkbox[@ng-model='listingCtrl.computeServer.addGPUs']
Dec 03, 2023 7:04:15 PM driver.listeners.DriverEventListener afterFindElement
INFO: Found WebElement with locator By.xpath: //md-checkbox[@ng-model='listingCtrl.computeServer.addGPUs']
Dec 03, 2023 7:04:15 PM driver.listeners.DriverEventListener afterFindElement
INFO: Found WebElement with locator By.xpath: //md-checkbox[@ng-model='listingCtrl.computeServer.addGPUs']
Dec 03, 2023 7:04:15 PM driver.listeners.DriverEventListener beforeClick
INFO: Trying to click WebElement
Dec 03, 2023 7:04:15 PM driver.listeners.DriverEventListener beforeClick
INFO: Trying to click WebElement
Dec 03, 2023 7:04:15 PM driver.listeners.DriverEventListener beforeClick
INFO: Trying to click WebElement
Dec 03, 2023 7:04:15 PM driver.listeners.DriverEventListener beforeClick
INFO: Trying to click WebElement
Dec 03, 2023 7:04:15 PM driver.listeners.DriverEventListener beforeClick
INFO: Trying to click WebElement
Dec 03, 2023 7:04:15 PM driver.listeners.DriverEventListener beforeClick
INFO: Trying to click WebElement
Dec 03, 2023 7:04:15 PM driver.listeners.DriverEventListener beforeClick
INFO: Trying to click WebElement
Dec 03, 2023 7:04:15 PM driver.listeners.DriverEventListener beforeClick
INFO: Trying to click WebElement
Dec 03, 2023 7:04:15 PM driver.listeners.DriverEventListener beforeClick
INFO: Trying to click WebElement
Dec 03, 2023 7:04:15 PM driver.listeners.DriverEventListener beforeClick
INFO: Trying to click WebElement
Dec 03, 2023 7:04:15 PM driver.listeners.DriverEventListener afterClick
INFO: Clicked WebElement
Dec 03, 2023 7:04:15 PM driver.listeners.DriverEventListener afterClick
INFO: Clicked WebElement
Dec 03, 2023 7:04:15 PM driver.listeners.DriverEventListener afterClick
INFO: Clicked WebElement
Dec 03, 2023 7:04:15 PM driver.listeners.DriverEventListener afterClick
INFO: Clicked WebElement
Dec 03, 2023 7:04:15 PM driver.listeners.DriverEventListener afterClick
INFO: Clicked WebElement
Dec 03, 2023 7:04:15 PM driver.listeners.DriverEventListener afterClick
INFO: Clicked WebElement
Dec 03, 2023 7:04:15 PM driver.listeners.DriverEventListener afterClick
INFO: Clicked WebElement
Dec 03, 2023 7:04:15 PM driver.listeners.DriverEventListener afterClick
INFO: Clicked WebElement
Dec 03, 2023 7:04:15 PM driver.listeners.DriverEventListener afterClick
INFO: Clicked WebElement
Dec 03, 2023 7:04:15 PM driver.listeners.DriverEventListener afterClick
INFO: Clicked WebElement
Dec 03, 2023 7:04:15 PM page.Calculator clickAddGpuCheckbox
INFO: addGpuCheckbox zostal wcisniety
Dec 03, 2023 7:04:15 PM driver.listeners.DriverEventListener beforeFindElement
INFO: Trying to find WebElement with locator By.xpath: //md-select[@ng-model='listingCtrl.computeServer.gpuType']
Dec 03, 2023 7:04:15 PM driver.listeners.DriverEventListener beforeFindElement
INFO: Trying to find WebElement with locator By.xpath: //md-select[@ng-model='listingCtrl.computeServer.gpuType']
Dec 03, 2023 7:04:15 PM driver.listeners.DriverEventListener beforeFindElement
INFO: Trying to find WebElement with locator By.xpath: //md-select[@ng-model='listingCtrl.computeServer.gpuType']
Dec 03, 2023 7:04:15 PM driver.listeners.DriverEventListener beforeFindElement
INFO: Trying to find WebElement with locator By.xpath: //md-select[@ng-model='listingCtrl.computeServer.gpuType']
Dec 03, 2023 7:04:15 PM driver.listeners.DriverEventListener beforeFindElement
INFO: Trying to find WebElement with locator By.xpath: //md-select[@ng-model='listingCtrl.computeServer.gpuType']
Dec 03, 2023 7:04:15 PM driver.listeners.DriverEventListener beforeFindElement
INFO: Trying to find WebElement with locator By.xpath: //md-select[@ng-model='listingCtrl.computeServer.gpuType']
Dec 03, 2023 7:04:15 PM driver.listeners.DriverEventListener beforeFindElement
INFO: Trying to find WebElement with locator By.xpath: //md-select[@ng-model='listingCtrl.computeServer.gpuType']
Dec 03, 2023 7:04:15 PM driver.listeners.DriverEventListener beforeFindElement
INFO: Trying to find WebElement with locator By.xpath: //md-select[@ng-model='listingCtrl.computeServer.gpuType']
Dec 03, 2023 7:04:15 PM driver.listeners.DriverEventListener beforeFindElement
INFO: Trying to find WebElement with locator By.xpath: //md-select[@ng-model='listingCtrl.computeServer.gpuType']
Dec 03, 2023 7:04:15 PM driver.listeners.DriverEventListener beforeFindElement
INFO: Trying to find WebElement with locator By.xpath: //md-select[@ng-model='listingCtrl.computeServer.gpuType']
Dec 03, 2023 7:04:15 PM driver.listeners.DriverEventListener afterFindElement
INFO: Found WebElement with locator By.xpath: //md-select[@ng-model='listingCtrl.computeServer.gpuType']
Dec 03, 2023 7:04:15 PM driver.listeners.DriverEventListener afterFindElement
INFO: Found WebElement with locator By.xpath: //md-select[@ng-model='listingCtrl.computeServer.gpuType']
Dec 03, 2023 7:04:15 PM driver.listeners.DriverEventListener afterFindElement
INFO: Found WebElement with locator By.xpath: //md-select[@ng-model='listingCtrl.computeServer.gpuType']
Dec 03, 2023 7:04:15 PM driver.listeners.DriverEventListener afterFindElement
INFO: Found WebElement with locator By.xpath: //md-select[@ng-model='listingCtrl.computeServer.gpuType']
Dec 03, 2023 7:04:15 PM driver.listeners.DriverEventListener afterFindElement
INFO: Found WebElement with locator By.xpath: //md-select[@ng-model='listingCtrl.computeServer.gpuType']
Dec 03, 2023 7:04:15 PM driver.listeners.DriverEventListener afterFindElement
INFO: Found WebElement with locator By.xpath: //md-select[@ng-model='listingCtrl.computeServer.gpuType']
Dec 03, 2023 7:04:15 PM driver.listeners.DriverEventListener afterFindElement
INFO: Found WebElement with locator By.xpath: //md-select[@ng-model='listingCtrl.computeServer.gpuType']
Dec 03, 2023 7:04:15 PM driver.listeners.DriverEventListener afterFindElement
INFO: Found WebElement with locator By.xpath: //md-select[@ng-model='listingCtrl.computeServer.gpuType']
Dec 03, 2023 7:04:15 PM driver.listeners.DriverEventListener afterFindElement
INFO: Found WebElement with locator By.xpath: //md-select[@ng-model='listingCtrl.computeServer.gpuType']
Dec 03, 2023 7:04:15 PM driver.listeners.DriverEventListener afterFindElement
INFO: Found WebElement with locator By.xpath: //md-select[@ng-model='listingCtrl.computeServer.gpuType']
Dec 03, 2023 7:04:15 PM driver.listeners.DriverEventListener beforeClick
INFO: Trying to click WebElement
Dec 03, 2023 7:04:15 PM driver.listeners.DriverEventListener beforeClick
INFO: Trying to click WebElement
Dec 03, 2023 7:04:15 PM driver.listeners.DriverEventListener beforeClick
INFO: Trying to click WebElement
Dec 03, 2023 7:04:15 PM driver.listeners.DriverEventListener beforeClick
INFO: Trying to click WebElement
Dec 03, 2023 7:04:15 PM driver.listeners.DriverEventListener beforeClick
INFO: Trying to click WebElement
Dec 03, 2023 7:04:15 PM driver.listeners.DriverEventListener beforeClick
INFO: Trying to click WebElement
Dec 03, 2023 7:04:15 PM driver.listeners.DriverEventListener beforeClick
INFO: Trying to click WebElement
Dec 03, 2023 7:04:15 PM driver.listeners.DriverEventListener beforeClick
INFO: Trying to click WebElement
Dec 03, 2023 7:04:15 PM driver.listeners.DriverEventListener beforeClick
INFO: Trying to click WebElement
Dec 03, 2023 7:04:15 PM driver.listeners.DriverEventListener beforeClick
INFO: Trying to click WebElement
Dec 03, 2023 7:04:16 PM driver.listeners.DriverEventListener afterClick
INFO: Clicked WebElement
Dec 03, 2023 7:04:16 PM driver.listeners.DriverEventListener afterClick
INFO: Clicked WebElement
Dec 03, 2023 7:04:16 PM driver.listeners.DriverEventListener afterClick
INFO: Clicked WebElement
Dec 03, 2023 7:04:16 PM driver.listeners.DriverEventListener afterClick
INFO: Clicked WebElement
Dec 03, 2023 7:04:16 PM driver.listeners.DriverEventListener afterClick
INFO: Clicked WebElement
Dec 03, 2023 7:04:16 PM driver.listeners.DriverEventListener afterClick
INFO: Clicked WebElement
Dec 03, 2023 7:04:16 PM driver.listeners.DriverEventListener afterClick
INFO: Clicked WebElement
Dec 03, 2023 7:04:16 PM driver.listeners.DriverEventListener afterClick
INFO: Clicked WebElement
Dec 03, 2023 7:04:16 PM driver.listeners.DriverEventListener afterClick
INFO: Clicked WebElement
Dec 03, 2023 7:04:16 PM driver.listeners.DriverEventListener afterClick
INFO: Clicked WebElement
Dec 03, 2023 7:04:16 PM page.Calculator clickGpuTypeSelect
INFO: gpuTypeSelect zostal wcisniety
Dec 03, 2023 7:04:16 PM driver.listeners.DriverEventListener beforeFindElement
INFO: Trying to find WebElement with locator By.xpath: //md-option[contains(@ng-repeat, 'item in listingCtrl.gpuList') and @value='NVIDIA_TESLA_V100']
Dec 03, 2023 7:04:16 PM driver.listeners.DriverEventListener beforeFindElement
INFO: Trying to find WebElement with locator By.xpath: //md-option[contains(@ng-repeat, 'item in listingCtrl.gpuList') and @value='NVIDIA_TESLA_V100']
Dec 03, 2023 7:04:16 PM driver.listeners.DriverEventListener beforeFindElement
INFO: Trying to find WebElement with locator By.xpath: //md-option[contains(@ng-repeat, 'item in listingCtrl.gpuList') and @value='NVIDIA_TESLA_V100']
Dec 03, 2023 7:04:16 PM driver.listeners.DriverEventListener beforeFindElement
INFO: Trying to find WebElement with locator By.xpath: //md-option[contains(@ng-repeat, 'item in listingCtrl.gpuList') and @value='NVIDIA_TESLA_V100']
Dec 03, 2023 7:04:16 PM driver.listeners.DriverEventListener beforeFindElement
INFO: Trying to find WebElement with locator By.xpath: //md-option[contains(@ng-repeat, 'item in listingCtrl.gpuList') and @value='NVIDIA_TESLA_V100']
Dec 03, 2023 7:04:16 PM driver.listeners.DriverEventListener beforeFindElement
INFO: Trying to find WebElement with locator By.xpath: //md-option[contains(@ng-repeat, 'item in listingCtrl.gpuList') and @value='NVIDIA_TESLA_V100']
Dec 03, 2023 7:04:16 PM driver.listeners.DriverEventListener beforeFindElement
INFO: Trying to find WebElement with locator By.xpath: //md-option[contains(@ng-repeat, 'item in listingCtrl.gpuList') and @value='NVIDIA_TESLA_V100']
Dec 03, 2023 7:04:16 PM driver.listeners.DriverEventListener beforeFindElement
INFO: Trying to find WebElement with locator By.xpath: //md-option[contains(@ng-repeat, 'item in listingCtrl.gpuList') and @value='NVIDIA_TESLA_V100']
Dec 03, 2023 7:04:16 PM driver.listeners.DriverEventListener beforeFindElement
INFO: Trying to find WebElement with locator By.xpath: //md-option[contains(@ng-repeat, 'item in listingCtrl.gpuList') and @value='NVIDIA_TESLA_V100']
Dec 03, 2023 7:04:16 PM driver.listeners.DriverEventListener beforeFindElement
INFO: Trying to find WebElement with locator By.xpath: //md-option[contains(@ng-repeat, 'item in listingCtrl.gpuList') and @value='NVIDIA_TESLA_V100']
Dec 03, 2023 7:04:16 PM driver.listeners.DriverEventListener beforeFindElement
INFO: Trying to find WebElement with locator By.xpath: //md-option[contains(@ng-repeat, 'item in listingCtrl.gpuList') and @value='NVIDIA_TESLA_V100']
Dec 03, 2023 7:04:16 PM driver.listeners.DriverEventListener beforeFindElement
INFO: Trying to find WebElement with locator By.xpath: //md-option[contains(@ng-repeat, 'item in listingCtrl.gpuList') and @value='NVIDIA_TESLA_V100']
Dec 03, 2023 7:04:16 PM driver.listeners.DriverEventListener beforeFindElement
INFO: Trying to find WebElement with locator By.xpath: //md-option[contains(@ng-repeat, 'item in listingCtrl.gpuList') and @value='NVIDIA_TESLA_V100']
Dec 03, 2023 7:04:16 PM driver.listeners.DriverEventListener beforeFindElement
INFO: Trying to find WebElement with locator By.xpath: //md-option[contains(@ng-repeat, 'item in listingCtrl.gpuList') and @value='NVIDIA_TESLA_V100']
Dec 03, 2023 7:04:16 PM driver.listeners.DriverEventListener beforeFindElement
INFO: Trying to find WebElement with locator By.xpath: //md-option[contains(@ng-repeat, 'item in listingCtrl.gpuList') and @value='NVIDIA_TESLA_V100']
Dec 03, 2023 7:04:16 PM driver.listeners.DriverEventListener beforeFindElement
INFO: Trying to find WebElement with locator By.xpath: //md-option[contains(@ng-repeat, 'item in listingCtrl.gpuList') and @value='NVIDIA_TESLA_V100']
Dec 03, 2023 7:04:16 PM driver.listeners.DriverEventListener beforeFindElement
INFO: Trying to find WebElement with locator By.xpath: //md-option[contains(@ng-repeat, 'item in listingCtrl.gpuList') and @value='NVIDIA_TESLA_V100']
Dec 03, 2023 7:04:16 PM driver.listeners.DriverEventListener beforeFindElement
INFO: Trying to find WebElement with locator By.xpath: //md-option[contains(@ng-repeat, 'item in listingCtrl.gpuList') and @value='NVIDIA_TESLA_V100']
Dec 03, 2023 7:04:16 PM driver.listeners.DriverEventListener afterFindElement
INFO: Found WebElement with locator By.xpath: //md-option[contains(@ng-repeat, 'item in listingCtrl.gpuList') and @value='NVIDIA_TESLA_V100']
Dec 03, 2023 7:04:16 PM driver.listeners.DriverEventListener afterFindElement
INFO: Found WebElement with locator By.xpath: //md-option[contains(@ng-repeat, 'item in listingCtrl.gpuList') and @value='NVIDIA_TESLA_V100']
Dec 03, 2023 7:04:16 PM driver.listeners.DriverEventListener afterFindElement
INFO: Found WebElement with locator By.xpath: //md-option[contains(@ng-repeat, 'item in listingCtrl.gpuList') and @value='NVIDIA_TESLA_V100']
Dec 03, 2023 7:04:16 PM driver.listeners.DriverEventListener afterFindElement
INFO: Found WebElement with locator By.xpath: //md-option[contains(@ng-repeat, 'item in listingCtrl.gpuList') and @value='NVIDIA_TESLA_V100']
Dec 03, 2023 7:04:16 PM driver.listeners.DriverEventListener afterFindElement
INFO: Found WebElement with locator By.xpath: //md-option[contains(@ng-repeat, 'item in listingCtrl.gpuList') and @value='NVIDIA_TESLA_V100']
Dec 03, 2023 7:04:16 PM driver.listeners.DriverEventListener afterFindElement
INFO: Found WebElement with locator By.xpath: //md-option[contains(@ng-repeat, 'item in listingCtrl.gpuList') and @value='NVIDIA_TESLA_V100']
Dec 03, 2023 7:04:16 PM driver.listeners.DriverEventListener afterFindElement
[...]
	at java.base/java.lang.reflect.Method.invoke(Method.java:578)
	at org.openqa.selenium.support.decorators.WebDriverDecorator.call(WebDriverDecorator.java:249)
	at org.openqa.selenium.support.decorators.DefaultDecorated.call(DefaultDecorated.java:48)
	at org.openqa.selenium.support.decorators.WebDriverDecorator.lambda$createProxy$2(WebDriverDecorator.java:321)
	at net.bytebuddy.renamed.java.lang.Object$ByteBuddy$Tte0tGqo.findElement(Unknown Source)
	at java.base/jdk.internal.reflect.DirectMethodHandleAccessor.invoke(DirectMethodHandleAccessor.java:104)
	at java.base/java.lang.reflect.Method.invoke(Method.java:578)
	at org.openqa.selenium.support.decorators.WebDriverDecorator.call(WebDriverDecorator.java:249)
	at org.openqa.selenium.support.decorators.DefaultDecorated.call(DefaultDecorated.java:48)
	at org.openqa.selenium.support.decorators.WebDriverDecorator.lambda$createProxy$2(WebDriverDecorator.java:321)
	at net.bytebuddy.renamed.java.lang.Object$ByteBuddy$6PxqY2oJ.findElement(Unknown Source)
	at java.base/jdk.internal.reflect.DirectMethodHandleAccessor.invoke(DirectMethodHandleAccessor.java:104)
	at java.base/java.lang.reflect.Method.invoke(Method.java:578)
	at org.openqa.selenium.support.decorators.WebDriverDecorator.call(WebDriverDecorator.java:249)
	at org.openqa.selenium.support.decorators.DefaultDecorated.call(DefaultDecorated.java:48)
	at org.openqa.selenium.support.decorators.WebDriverDecorator.lambda$createProxy$2(WebDriverDecorator.java:321)
	at net.bytebuddy.renamed.java.lang.Object$ByteBuddy$GXXrn6ZZ.findElement(Unknown Source)
	at java.base/jdk.internal.reflect.DirectMethodHandleAccessor.invoke(DirectMethodHandleAccessor.java:104)
	at java.base/java.lang.reflect.Method.invoke(Method.java:578)
	at org.openqa.selenium.support.decorators.WebDriverDecorator.call(WebDriverDecorator.java:249)
	at org.openqa.selenium.support.decorators.DefaultDecorated.call(DefaultDecorated.java:48)
	at org.openqa.selenium.support.decorators.WebDriverDecorator.lambda$createProxy$2(WebDriverDecorator.java:321)
	at net.bytebuddy.renamed.java.lang.Object$ByteBuddy$J8labkbP.findElement(Unknown Source)
	at java.base/jdk.internal.reflect.DirectMethodHandleAccessor.invoke(DirectMethodHandleAccessor.java:104)
	at java.base/java.lang.reflect.Method.invoke(Method.java:578)
	at org.openqa.selenium.support.decorators.WebDriverDecorator.call(WebDriverDecorator.java:249)
	at org.openqa.selenium.support.decorators.DefaultDecorated.call(DefaultDecorated.java:48)
	at org.openqa.selenium.support.decorators.WebDriverDecorator.lambda$createProxy$2(WebDriverDecorator.java:321)
	at net.bytebuddy.renamed.java.lang.Object$ByteBuddy$lsdMgE5K.findElement(Unknown Source)
	at java.base/jdk.internal.reflect.DirectMethodHandleAccessor.invoke(DirectMethodHandleAccessor.java:104)
	at java.base/java.lang.reflect.Method.invoke(Method.java:578)
	at org.openqa.selenium.support.decorators.WebDriverDecorator.call(WebDriverDecorator.java:249)
	at org.openqa.selenium.support.decorators.DefaultDecorated.call(DefaultDecorated.java:48)
	at org.openqa.selenium.support.decorators.WebDriverDecorator.lambda$createProxy$2(WebDriverDecorator.java:321)
	at net.bytebuddy.renamed.java.lang.Object$ByteBuddy$Er9IccgO.findElement(Unknown Source)
	at java.base/jdk.internal.reflect.DirectMethodHandleAccessor.invoke(DirectMethodHandleAccessor.java:104)
	at java.base/java.lang.reflect.Method.invoke(Method.java:578)
	at org.openqa.selenium.support.decorators.WebDriverDecorator.call(WebDriverDecorator.java:249)
	at org.openqa.selenium.support.decorators.DefaultDecorated.call(DefaultDecorated.java:48)
	at org.openqa.selenium.support.decorators.WebDriverDecorator.lambda$createProxy$2(WebDriverDecorator.java:321)
	at net.bytebuddy.renamed.java.lang.Object$ByteBuddy$2tECfn9T.findElement(Unknown Source)
	at java.base/jdk.internal.reflect.DirectMethodHandleAccessor.invoke(DirectMethodHandleAccessor.java:104)
	at java.base/java.lang.reflect.Method.invoke(Method.java:578)
	at org.openqa.selenium.support.decorators.WebDriverDecorator.call(WebDriverDecorator.java:249)
	at org.openqa.selenium.support.decorators.DefaultDecorated.call(DefaultDecorated.java:48)
	at org.openqa.selenium.support.decorators.WebDriverDecorator.lambda$createProxy$2(WebDriverDecorator.java:321)
	at net.bytebuddy.renamed.java.lang.Object$ByteBuddy$3WkF3Eki.findElement(Unknown Source)
	at java.base/jdk.internal.reflect.DirectMethodHandleAccessor.invoke(DirectMethodHandleAccessor.java:104)
	at java.base/java.lang.reflect.Method.invoke(Method.java:578)
	at org.openqa.selenium.support.decorators.WebDriverDecorator.call(WebDriverDecorator.java:249)
	at org.openqa.selenium.support.decorators.DefaultDecorated.call(DefaultDecorated.java:48)
	at org.openqa.selenium.support.decorators.WebDriverDecorator.lambda$createProxy$2(WebDriverDecorator.java:321)
	at net.bytebuddy.renamed.java.lang.Object$ByteBuddy$xQCJMuTx.findElement(Unknown Source)
	at java.base/jdk.internal.reflect.DirectMethodHandleAccessor.invoke(DirectMethodHandleAccessor.java:104)
	at java.base/java.lang.reflect.Method.invoke(Method.java:578)
	at org.openqa.selenium.support.decorators.WebDriverDecorator.call(WebDriverDecorator.java:249)
	at org.openqa.selenium.support.decorators.DefaultDecorated.call(DefaultDecorated.java:48)
	at org.openqa.selenium.support.decorators.WebDriverDecorator.lambda$createProxy$2(WebDriverDecorator.java:321)
	at net.bytebuddy.renamed.java.lang.Object$ByteBuddy$lDgsHTEY.findElement(Unknown Source)
	at java.base/jdk.internal.reflect.DirectMethodHandleAccessor.invoke(DirectMethodHandleAccessor.java:104)
	at java.base/java.lang.reflect.Method.invoke(Method.java:578)
	at org.openqa.selenium.support.decorators.WebDriverDecorator.call(WebDriverDecorator.java:249)
	at org.openqa.selenium.support.decorators.DefaultDecorated.call(DefaultDecorated.java:48)
	at org.openqa.selenium.support.decorators.WebDriverDecorator.lambda$createProxy$2(WebDriverDecorator.java:321)
	at net.bytebuddy.renamed.java.lang.Object$ByteBuddy$xOVnt3HH.findElement(Unknown Source)
	at java.base/jdk.internal.reflect.DirectMethodHandleAccessor.invoke(DirectMethodHandleAccessor.java:104)
	at java.base/java.lang.reflect.Method.invoke(Method.java:578)
	at org.openqa.selenium.support.decorators.WebDriverDecorator.call(WebDriverDecorator.java:249)
	at org.openqa.selenium.support.decorators.DefaultDecorated.call(DefaultDecorated.java:48)
	at org.openqa.selenium.support.decorators.WebDriverDecorator.lambda$createProxy$2(WebDriverDecorator.java:321)
	at net.bytebuddy.renamed.java.lang.Object$ByteBuddy$41L5fAhX.findElement(Unknown Source)
	at java.base/jdk.internal.reflect.DirectMethodHandleAccessor.invoke(DirectMethodHandleAccessor.java:104)
	at java.base/java.lang.reflect.Method.invoke(Method.java:578)
	at org.openqa.selenium.support.decorators.WebDriverDecorator.call(WebDriverDecorator.java:249)
	at org.openqa.selenium.support.decorators.DefaultDecorated.call(DefaultDecorated.java:48)
	at org.openqa.selenium.support.decorators.WebDriverDecorator.lambda$createProxy$2(WebDriverDecorator.java:321)
	at net.bytebuddy.renamed.java.lang.Object$ByteBuddy$WOxWs8Xy.findElement(Unknown Source)
	at java.base/jdk.internal.reflect.DirectMethodHandleAccessor.invoke(DirectMethodHandleAccessor.java:104)
	at java.base/java.lang.reflect.Method.invoke(Method.java:578)
	at org.openqa.selenium.support.decorators.WebDriverDecorator.call(WebDriverDecorator.java:249)
	at org.openqa.selenium.support.decorators.DefaultDecorated.call(DefaultDecorated.java:48)
	at org.openqa.selenium.support.decorators.WebDriverDecorator.lambda$createProxy$2(WebDriverDecorator.java:321)
	at net.bytebuddy.renamed.java.lang.Object$ByteBuddy$y797Iz36.findElement(Unknown Source)
	at java.base/jdk.internal.reflect.DirectMethodHandleAccessor.invoke(DirectMethodHandleAccessor.java:104)
	at java.base/java.lang.reflect.Method.invoke(Method.java:578)
	at org.openqa.selenium.support.decorators.WebDriverDecorator.call(WebDriverDecorator.java:249)
	at org.openqa.selenium.support.decorators.DefaultDecorated.call(DefaultDecorated.java:48)
	at org.openqa.selenium.support.decorators.WebDriverDecorator.lambda$createProxy$2(WebDriverDecorator.java:321)
	at net.bytebuddy.renamed.java.lang.Object$ByteBuddy$RTGnP93l.findElement(Unknown Source)
	at java.base/jdk.internal.reflect.DirectMethodHandleAccessor.invoke(DirectMethodHandleAccessor.java:104)
	at java.base/java.lang.reflect.Method.invoke(Method.java:578)
	at org.openqa.selenium.support.decorators.WebDriverDecorator.call(WebDriverDecorator.java:249)
	at org.openqa.selenium.support.decorators.DefaultDecorated.call(DefaultDecorated.java:48)
	at org.openqa.selenium.support.decorators.WebDriverDecorator.lambda$createProxy$2(WebDriverDecorator.java:321)
	at net.bytebuddy.renamed.java.lang.Object$ByteBuddy$IHBaQtpw.findElement(Unknown Source)
	at java.base/jdk.internal.reflect.DirectMethodHandleAccessor.invoke(DirectMethodHandleAccessor.java:104)
	at java.base/java.lang.reflect.Method.invoke(Method.java:578)
	at org.openqa.selenium.support.decorators.WebDriverDecorator.call(WebDriverDecorator.java:249)
	at org.openqa.selenium.support.decorators.DefaultDecorated.call(DefaultDecorated.java:48)
	at org.openqa.selenium.support.decorators.WebDriverDecorator.lambda$createProxy$2(WebDriverDecorator.java:321)
	at net.bytebuddy.renamed.java.lang.Object$ByteBuddy$ZDdbumgk.findElement(Unknown Source)
	at java.base/jdk.internal.reflect.DirectMethodHandleAccessor.invoke(DirectMethodHandleAccessor.java:104)
	at java.base/java.lang.reflect.Method.invoke(Method.java:578)
	at org.openqa.selenium.support.decorators.WebDriverDecorator.call(WebDriverDecorator.java:249)
	at org.openqa.selenium.support.decorators.DefaultDecorated.call(DefaultDecorated.java:48)
	at org.openqa.selenium.support.decorators.WebDriverDecorator.lambda$createProxy$2(WebDriverDecorator.java:321)
	at net.bytebuddy.renamed.java.lang.Object$ByteBuddy$TTtqWH6w.findElement(Unknown Source)
	at java.base/jdk.internal.reflect.DirectMethodHandleAccessor.invoke(DirectMethodHandleAccessor.java:104)
	at java.base/java.lang.reflect.Method.invoke(Method.java:578)
	at org.openqa.selenium.support.decorators.WebDriverDecorator.call(WebDriverDecorator.java:249)
	at org.openqa.selenium.support.decorators.DefaultDecorated.call(DefaultDecorated.java:48)
	at org.openqa.selenium.support.decorators.WebDriverDecorator.lambda$createProxy$2(WebDriverDecorator.java:321)
	at net.bytebuddy.renamed.java.lang.Object$ByteBuddy$8GpAKtoH.findElement(Unknown Source)
	at java.base/jdk.internal.reflect.DirectMethodHandleAccessor.invoke(DirectMethodHandleAccessor.java:104)
	at java.base/java.lang.reflect.Method.invoke(Method.java:578)
	at org.openqa.selenium.support.decorators.WebDriverDecorator.call(WebDriverDecorator.java:249)
	at org.openqa.selenium.support.decorators.DefaultDecorated.call(DefaultDecorated.java:48)
	at org.openqa.selenium.support.decorators.WebDriverDecorator.lambda$createProxy$2(WebDriverDecorator.java:321)
	at net.bytebuddy.renamed.java.lang.Object$ByteBuddy$k5U1bxnl.findElement(Unknown Source)
	at java.base/jdk.internal.reflect.DirectMethodHandleAccessor.invoke(DirectMethodHandleAccessor.java:104)
	at java.base/java.lang.reflect.Method.invoke(Method.java:578)
	at org.openqa.selenium.support.decorators.WebDriverDecorator.call(WebDriverDecorator.java:249)
	at org.openqa.selenium.support.decorators.DefaultDecorated.call(DefaultDecorated.java:48)
	at org.openqa.selenium.support.decorators.WebDriverDecorator.lambda$createProxy$2(WebDriverDecorator.java:321)
	at net.bytebuddy.renamed.java.lang.Object$ByteBuddy$Y1qHSeYF.findElement(Unknown Source)
	at java.base/jdk.internal.reflect.DirectMethodHandleAccessor.invoke(DirectMethodHandleAccessor.java:104)
	at java.base/java.lang.reflect.Method.invoke(Method.java:578)
	at org.openqa.selenium.support.decorators.WebDriverDecorator.call(WebDriverDecorator.java:249)
	at org.openqa.selenium.support.decorators.DefaultDecorated.call(DefaultDecorated.java:48)
	at org.openqa.selenium.support.decorators.WebDriverDecorator.lambda$createProxy$2(WebDriverDecorator.java:321)
	at net.bytebuddy.renamed.java.lang.Object$ByteBuddy$4vxRwBwT.findElement(Unknown Source)
	at java.base/jdk.internal.reflect.DirectMethodHandleAccessor.invoke(DirectMethodHandleAccessor.java:104)
	at java.base/java.lang.reflect.Method.invoke(Method.java:578)
	at org.openqa.selenium.support.decorators.WebDriverDecorator.call(WebDriverDecorator.java:249)
	at org.openqa.selenium.support.decorators.DefaultDecorated.call(DefaultDecorated.java:48)
	at org.openqa.selenium.support.decorators.WebDriverDecorator.lambda$createProxy$2(WebDriverDecorator.java:321)
	at net.bytebuddy.renamed.java.lang.Object$ByteBuddy$ZbCVyQwb.findElement(Unknown Source)
	at org.openqa.selenium.support.pagefactory.DefaultElementLocator.findElement(DefaultElementLocator.java:68)
	at org.openqa.selenium.support.pagefactory.internal.LocatingElementHandler.invoke(LocatingElementHandler.java:38)
	at jdk.proxy2/jdk.proxy2.$Proxy44.isDisplayed(Unknown Source)
	at org.openqa.selenium.support.ui.ExpectedConditions.elementIfVisible(ExpectedConditions.java:304)
	at org.openqa.selenium.support.ui.ExpectedConditions$10.apply(ExpectedConditions.java:290)
	at org.openqa.selenium.support.ui.ExpectedConditions$10.apply(ExpectedConditions.java:287)
	at org.openqa.selenium.support.ui.FluentWait.until(FluentWait.java:204)
	at waits.WaitForElement.waitUntilElementIsVisible(WaitForElement.java:18)
	at page.Cookies.clickAcceptCookiesButton(Cookies.java:28)
	at tests.ProcessOfRegisteringCloudPlatformTests.automateProcessOfRegisteringCloudPlatformPricingCalculator(ProcessOfRegisteringCloudPlatformTests.java:29)
	at java.base/jdk.internal.reflect.DirectMethodHandleAccessor.invoke(DirectMethodHandleAccessor.java:104)
	at java.base/java.lang.reflect.Method.invoke(Method.java:578)
	at org.testng.internal.invokers.MethodInvocationHelper.invokeMethod(MethodInvocationHelper.java:139)
	at org.testng.internal.invokers.TestInvoker.invokeMethod(TestInvoker.java:664)
	at org.testng.internal.invokers.TestInvoker.retryFailed(TestInvoker.java:248)
	at org.testng.internal.invokers.MethodRunner.runInSequence(MethodRunner.java:62)
	at org.testng.internal.invokers.TestInvoker$MethodInvocationAgent.invoke(TestInvoker.java:957)
	at org.testng.internal.invokers.TestInvoker.invokeTestMethods(TestInvoker.java:200)
	at org.testng.internal.invokers.TestMethodWorker.invokeTestMethods(TestMethodWorker.java:148)
	at org.testng.internal.invokers.TestMethodWorker.run(TestMethodWorker.java:128)
	at java.base/java.util.ArrayList.forEach(ArrayList.java:1511)
	at org.testng.TestRunner.privateRun(TestRunner.java:848)
	at org.testng.TestRunner.run(TestRunner.java:621)
	at org.testng.SuiteRunner.runTest(SuiteRunner.java:443)
	at org.testng.SuiteRunner.runSequentially(SuiteRunner.java:437)
	at org.testng.SuiteRunner.privateRun(SuiteRunner.java:397)
	at org.testng.SuiteRunner.run(SuiteRunner.java:336)
	at org.testng.SuiteRunnerWorker.runSuite(SuiteRunnerWorker.java:52)
	at org.testng.SuiteRunnerWorker.run(SuiteRunnerWorker.java:95)
	at org.testng.TestNG.runSuitesSequentially(TestNG.java:1280)
	at org.testng.TestNG.runSuitesLocally(TestNG.java:1200)
	at org.testng.TestNG.runSuites(TestNG.java:1114)
	at org.testng.TestNG.run(TestNG.java:1082)
	at org.apache.maven.surefire.testng.TestNGExecutor.run(TestNGExecutor.java:308)
	at org.apache.maven.surefire.testng.TestNGXmlTestSuite.execute(TestNGXmlTestSuite.java:71)
	at org.apache.maven.surefire.testng.TestNGProvider.invoke(TestNGProvider.java:113)
	at org.apache.maven.surefire.booter.ForkedBooter.runSuitesInProcess(ForkedBooter.java:385)
	at org.apache.maven.surefire.booter.ForkedBooter.execute(ForkedBooter.java:162)
	at org.apache.maven.surefire.booter.ForkedBooter.run(ForkedBooter.java:507)
	at org.apache.maven.surefire.booter.ForkedBooter.main(ForkedBooter.java:495)
]]></failure>
    <system-err><![CDATA[Dec 03, 2023 7:04:19 PM driver.listeners.DriverEventListener beforeFindElement
INFO: Trying to find WebElement with locator By.xpath: //button[@class='pvUife']
Dec 03, 2023 7:04:19 PM driver.listeners.DriverEventListener beforeFindElement
INFO: Trying to find WebElement with locator By.xpath: //button[@class='pvUife']
Dec 03, 2023 7:04:19 PM driver.listeners.DriverEventListener beforeFindElement
INFO: Trying to find WebElement with locator By.xpath: //button[@class='pvUife']
Dec 03, 2023 7:04:19 PM driver.listeners.DriverEventListener beforeFindElement
INFO: Trying to find WebElement with locator By.xpath: //button[@class='pvUife']
Dec 03, 2023 7:04:19 PM driver.listeners.DriverEventListener beforeFindElement
INFO: Trying to find WebElement with locator By.xpath: //button[@class='pvUife']
Dec 03, 2023 7:04:19 PM driver.listeners.DriverEventListener beforeFindElement
INFO: Trying to find WebElement with locator By.xpath: //button[@class='pvUife']
Dec 03, 2023 7:04:19 PM driver.listeners.DriverEventListener beforeFindElement
INFO: Trying to find WebElement with locator By.xpath: //button[@class='pvUife']
Dec 03, 2023 7:04:19 PM driver.listeners.DriverEventListener beforeFindElement
INFO: Trying to find WebElement with locator By.xpath: //button[@class='pvUife']
Dec 03, 2023 7:04:19 PM driver.listeners.DriverEventListener beforeFindElement
INFO: Trying to find WebElement with locator By.xpath: //button[@class='pvUife']
Dec 03, 2023 7:04:19 PM driver.listeners.DriverEventListener beforeFindElement
INFO: Trying to find WebElement with locator By.xpath: //button[@class='pvUife']
Dec 03, 2023 7:04:19 PM driver.listeners.DriverEventListener beforeFindElement
INFO: Trying to find WebElement with locator By.xpath: //button[@class='pvUife']
Dec 03, 2023 7:04:19 PM driver.listeners.DriverEventListener beforeFindElement
INFO: Trying to find WebElement with locator By.xpath: //button[@class='pvUife']
Dec 03, 2023 7:04:19 PM driver.listeners.DriverEventListener beforeFindElement
INFO: Trying to find WebElement with locator By.xpath: //button[@class='pvUife']
Dec 03, 2023 7:04:19 PM driver.listeners.DriverEventListener beforeFindElement
INFO: Trying to find WebElement with locator By.xpath: //button[@class='pvUife']
Dec 03, 2023 7:04:19 PM driver.listeners.DriverEventListener beforeFindElement
INFO: Trying to find WebElement with locator By.xpath: //button[@class='pvUife']
Dec 03, 2023 7:04:19 PM driver.listeners.DriverEventListener beforeFindElement
INFO: Trying to find WebElement with locator By.xpath: //button[@class='pvUife']
Dec 03, 2023 7:04:19 PM driver.listeners.DriverEventListener beforeFindElement
INFO: Trying to find WebElement with locator By.xpath: //button[@class='pvUife']
Dec 03, 2023 7:04:19 PM driver.listeners.DriverEventListener beforeFindElement
INFO: Trying to find WebElement with locator By.xpath: //button[@class='pvUife']
Dec 03, 2023 7:04:19 PM driver.listeners.DriverEventListener beforeFindElement
INFO: Trying to find WebElement with locator By.xpath: //button[@class='pvUife']
Dec 03, 2023 7:04:19 PM driver.listeners.DriverEventListener beforeFindElement
INFO: Trying to find WebElement with locator By.xpath: //button[@class='pvUife']
Dec 03, 2023 7:04:19 PM driver.listeners.DriverEventListener beforeFindElement
INFO: Trying to find WebElement with locator By.xpath: //button[@class='pvUife']
Dec 03, 2023 7:04:19 PM driver.listeners.DriverEventListener beforeFindElement
INFO: Trying to find WebElement with locator By.xpath: //button[@class='pvUife']
Dec 03, 2023 7:04:19 PM driver.listeners.DriverEventListener beforeFindElement
INFO: Trying to find WebElement with locator By.xpath: //button[@class='pvUife']
Dec 03, 2023 7:04:19 PM driver.listeners.DriverEventListener beforeFindElement
INFO: Trying to find WebElement with locator By.xpath: //button[@class='pvUife']
Dec 03, 2023 7:04:19 PM utils.testng.listeners.RetryAnalyzer retry
INFO: Test method {} will be not retried!
]]></system-err>
  </testcase>
</testsuite>