<?xml version="1.0" encoding="UTF-8"?>
<!-- Generated by org.testng.reporters.JUnitXMLReporter -->
<testsuite ignored="0" hostname="DESKTOP-SIM7SLG" failures="1" tests="3" name="Process of registering cloud platform tests" time="24.583" errors="0" timestamp="2023-12-03T19:04:19 CET">
  <testcase classname="tests.BaseTestNgSetup" name="@BeforeMethod beforeMethod" time="0.581">
    <failure type="org.openqa.selenium.NoSuchSessionException" message="Session ID is null. Using WebDriver after calling quit()?
Build info: version: &amp;apos;4.15.0&amp;apos;, revision: &amp;apos;1d14b5521b&amp;apos;
System info: os.name: &amp;apos;Windows 10&amp;apos;, os.arch: &amp;apos;amd64&amp;apos;, os.version: &amp;apos;10.0&amp;apos;, java.version: &amp;apos;19&amp;apos;
Driver info: org.openqa.selenium.chrome.ChromeDriver
Command: [null, maximizeCurrentWindow {}]
Capabilities {acceptInsecureCerts: false, browserName: chrome, browserVersion: 119.0.6045.200, chrome: {chromedriverVersion: 119.0.6045.105 (38c72552c5e..., userDataDir: C:\Users\kubar\AppData\Loca...}, fedcm:accounts: true, goog:chromeOptions: {debuggerAddress: localhost:60838}, networkConnectionEnabled: false, pageLoadStrategy: normal, platformName: windows, proxy: Proxy(), se:cdp: ws://localhost:60838/devtoo..., se:cdpVersion: 119.0.6045.200, setWindowRect: true, strictFileInteractability: false, timeouts: {implicit: 0, pageLoad: 300000, script: 30000}, unhandledPromptBehavior: dismiss and notify, webauthn:extension:credBlob: true, webauthn:extension:largeBlob: true, webauthn:extension:minPinLength: true, webauthn:extension:prf: true, webauthn:virtualAuthenticators: true}">
      <![CDATA[org.openqa.selenium.NoSuchSessionException: Session ID is null. Using WebDriver after calling quit()?
Build info: version: '4.15.0', revision: '1d14b5521b'
System info: os.name: 'Windows 10', os.arch: 'amd64', os.version: '10.0', java.version: '19'
Driver info: org.openqa.selenium.chrome.ChromeDriver
Command: [null, maximizeCurrentWindow {}]
Capabilities {acceptInsecureCerts: false, browserName: chrome, browserVersion: 119.0.6045.200, chrome: {chromedriverVersion: 119.0.6045.105 (38c72552c5e..., userDataDir: C:\Users\kubar\AppData\Loca...}, fedcm:accounts: true, goog:chromeOptions: {debuggerAddress: localhost:60838}, networkConnectionEnabled: false, pageLoadStrategy: normal, platformName: windows, proxy: Proxy(), se:cdp: ws://localhost:60838/devtoo..., se:cdpVersion: 119.0.6045.200, setWindowRect: true, strictFileInteractability: false, timeouts: {implicit: 0, pageLoad: 300000, script: 30000}, unhandledPromptBehavior: dismiss and notify, webauthn:extension:credBlob: true, webauthn:extension:largeBlob: true, webauthn:extension:minPinLength: true, webauthn:extension:prf: true, webauthn:virtualAuthenticators: true}
at org.openqa.selenium.remote.HttpCommandExecutor.execute(HttpCommandExecutor.java:152)
at org.openqa.selenium.remote.service.DriverCommandExecutor.invokeExecute(DriverCommandExecutor.java:200)
at org.openqa.selenium.remote.service.DriverCommandExecutor.execute(DriverCommandExecutor.java:175)
at org.openqa.selenium.remote.RemoteWebDriver.execute(RemoteWebDriver.java:607)
at org.openqa.selenium.remote.RemoteWebDriver.execute(RemoteWebDriver.java:680)
at org.openqa.selenium.remote.RemoteWebDriver.execute(RemoteWebDriver.java:684)
at org.openqa.selenium.remote.RemoteWebDriver$RemoteWebDriverOptions$RemoteWindow.maximize(RemoteWebDriver.java:1123)
at org.openqa.selenium.support.decorators.WebDriverDecorator.call(WebDriverDecorator.java:249)
at org.openqa.selenium.support.decorators.DefaultDecorated.call(DefaultDecorated.java:48)
at org.openqa.selenium.support.decorators.WebDriverDecorator.lambda$createProxy$2(WebDriverDecorator.java:321)
at net.bytebuddy.renamed.java.lang.Object$ByteBuddy$kCK7d3Zf.maximize(Unknown Source)
at org.openqa.selenium.support.decorators.WebDriverDecorator.call(WebDriverDecorator.java:249)
at org.openqa.selenium.support.decorators.DefaultDecorated.call(DefaultDecorated.java:48)
at org.openqa.selenium.support.decorators.WebDriverDecorator.lambda$createProxy$2(WebDriverDecorator.java:321)
at net.bytebuddy.renamed.java.lang.Object$ByteBuddy$GuI4dbj7.maximize(Unknown Source)
at org.openqa.selenium.support.decorators.WebDriverDecorator.call(WebDriverDecorator.java:249)
at org.openqa.selenium.support.decorators.DefaultDecorated.call(DefaultDecorated.java:48)
at org.openqa.selenium.support.decorators.WebDriverDecorator.lambda$createProxy$2(WebDriverDecorator.java:321)
at net.bytebuddy.renamed.java.lang.Object$ByteBuddy$h2Jx68Fx.maximize(Unknown Source)
at org.openqa.selenium.support.decorators.WebDriverDecorator.call(WebDriverDecorator.java:249)
at org.openqa.selenium.support.decorators.DefaultDecorated.call(DefaultDecorated.java:48)
at org.openqa.selenium.support.decorators.WebDriverDecorator.lambda$createProxy$2(WebDriverDecorator.java:321)
at net.bytebuddy.renamed.java.lang.Object$ByteBuddy$FDp8291t.maximize(Unknown Source)
at org.openqa.selenium.support.decorators.WebDriverDecorator.call(WebDriverDecorator.java:249)
at org.openqa.selenium.support.decorators.DefaultDecorated.call(DefaultDecorated.java:48)
at org.openqa.selenium.support.decorators.WebDriverDecorator.lambda$createProxy$2(WebDriverDecorator.java:321)
at net.bytebuddy.renamed.java.lang.Object$ByteBuddy$Zd2S7U9H.maximize(Unknown Source)
at org.openqa.selenium.support.decorators.WebDriverDecorator.call(WebDriverDecorator.java:249)
at org.openqa.selenium.support.decorators.DefaultDecorated.call(DefaultDecorated.java:48)
at org.openqa.selenium.support.decorators.WebDriverDecorator.lambda$createProxy$2(WebDriverDecorator.java:321)
at net.bytebuddy.renamed.java.lang.Object$ByteBuddy$Dzk2bsDG.maximize(Unknown Source)
at org.openqa.selenium.support.decorators.WebDriverDecorator.call(WebDriverDecorator.java:249)
at org.openqa.selenium.support.decorators.DefaultDecorated.call(DefaultDecorated.java:48)
at org.openqa.selenium.support.decorators.WebDriverDecorator.lambda$createProxy$2(WebDriverDecorator.java:321)
at net.bytebuddy.renamed.java.lang.Object$ByteBuddy$kmqoFg0z.maximize(Unknown Source)
at org.openqa.selenium.support.decorators.WebDriverDecorator.call(WebDriverDecorator.java:249)
at org.openqa.selenium.support.decorators.DefaultDecorated.call(DefaultDecorated.java:48)
at org.openqa.selenium.support.decorators.WebDriverDecorator.lambda$createProxy$2(WebDriverDecorator.java:321)
at net.bytebuddy.renamed.java.lang.Object$ByteBuddy$pfWjXtBp.maximize(Unknown Source)
at org.openqa.selenium.support.decorators.WebDriverDecorator.call(WebDriverDecorator.java:249)
at org.openqa.selenium.support.decorators.DefaultDecorated.call(DefaultDecorated.java:48)
at org.openqa.selenium.support.decorators.WebDriverDecorator.lambda$createProxy$2(WebDriverDecorator.java:321)
at net.bytebuddy.renamed.java.lang.Object$ByteBuddy$0rGkYObr.maximize(Unknown Source)
at org.openqa.selenium.support.decorators.WebDriverDecorator.call(WebDriverDecorator.java:249)
at org.openqa.selenium.support.decorators.DefaultDecorated.call(DefaultDecorated.java:48)
at org.openqa.selenium.support.decorators.WebDriverDecorator.lambda$createProxy$2(WebDriverDecorator.java:321)
at net.bytebuddy.renamed.java.lang.Object$ByteBuddy$flvLne4W.maximize(Unknown Source)
at org.openqa.selenium.support.decorators.WebDriverDecorator.call(WebDriverDecorator.java:249)
at org.openqa.selenium.support.decorators.DefaultDecorated.call(DefaultDecorated.java:48)
at org.openqa.selenium.support.decorators.WebDriverDecorator.lambda$createProxy$2(WebDriverDecorator.java:321)
at net.bytebuddy.renamed.java.lang.Object$ByteBuddy$k5BkmkeB.maximize(Unknown Source)
at org.openqa.selenium.support.decorators.WebDriverDecorator.call(WebDriverDecorator.java:249)
at org.openqa.selenium.support.decorators.DefaultDecorated.call(DefaultDecorated.java:48)
at org.openqa.selenium.support.decorators.WebDriverDecorator.lambda$createProxy$2(WebDriverDecorator.java:321)
at net.bytebuddy.renamed.java.lang.Object$ByteBuddy$N0OQlN2L.maximize(Unknown Source)
at org.openqa.selenium.support.decorators.WebDriverDecorator.call(WebDriverDecorator.java:249)
at org.openqa.selenium.support.decorators.DefaultDecorated.call(DefaultDecorated.java:48)
at org.openqa.selenium.support.decorators.WebDriverDecorator.lambda$createProxy$2(WebDriverDecorator.java:321)
at net.bytebuddy.renamed.java.lang.Object$ByteBuddy$ANDP0mT9.maximize(Unknown Source)
at org.openqa.selenium.support.decorators.WebDriverDecorator.call(WebDriverDecorator.java:249)
at org.openqa.selenium.support.decorators.DefaultDecorated.call(DefaultDecorated.java:48)
at org.openqa.selenium.support.decorators.WebDriverDecorator.lambda$createProxy$2(WebDriverDecorator.java:321)
at net.bytebuddy.renamed.java.lang.Object$ByteBuddy$ylt6Y4Ey.maximize(Unknown Source)
at org.openqa.selenium.support.decorators.WebDriverDecorator.call(WebDriverDecorator.java:249)
at org.openqa.selenium.support.decorators.DefaultDecorated.call(DefaultDecorated.java:48)
at org.openqa.selenium.support.decorators.WebDriverDecorator.lambda$createProxy$2(WebDriverDecorator.java:321)
at net.bytebuddy.renamed.java.lang.Object$ByteBuddy$YdcdGtE3.maximize(Unknown Source)
at org.openqa.selenium.support.decorators.WebDriverDecorator.call(WebDriverDecorator.java:249)
at org.openqa.selenium.support.decorators.DefaultDecorated.call(DefaultDecorated.java:48)
at org.openqa.selenium.support.decorators.WebDriverDecorator.lambda$createProxy$2(WebDriverDecorator.java:321)
at net.bytebuddy.renamed.java.lang.Object$ByteBuddy$JmPdrrG5.maximize(Unknown Source)
at org.openqa.selenium.support.decorators.WebDriverDecorator.call(WebDriverDecorator.java:249)
at org.openqa.selenium.support.decorators.DefaultDecorated.call(DefaultDecorated.java:48)
at org.openqa.selenium.support.decorators.WebDriverDecorator.lambda$createProxy$2(WebDriverDecorator.java:321)
at net.bytebuddy.renamed.java.lang.Object$ByteBuddy$SrVZjNKR.maximize(Unknown Source)
at org.openqa.selenium.support.decorators.WebDriverDecorator.call(WebDriverDecorator.java:249)
at org.openqa.selenium.support.decorators.DefaultDecorated.call(DefaultDecorated.java:48)
at org.openqa.selenium.support.decorators.WebDriverDecorator.lambda$createProxy$2(WebDriverDecorator.java:321)
at net.bytebuddy.renamed.java.lang.Object$ByteBuddy$dJ9x47QP.maximize(Unknown Source)
at org.openqa.selenium.support.decorators.WebDriverDecorator.call(WebDriverDecorator.java:249)
at org.openqa.selenium.support.decorators.DefaultDecorated.call(DefaultDecorated.java:48)
at org.openqa.selenium.support.decorators.WebDriverDecorator.lambda$createProxy$2(WebDriverDecorator.java:321)
at net.bytebuddy.renamed.java.lang.Object$ByteBuddy$mp19qWhE.maximize(Unknown Source)
at org.openqa.selenium.support.decorators.WebDriverDecorator.call(WebDriverDecorator.java:249)
at org.openqa.selenium.support.decorators.DefaultDecorated.call(DefaultDecorated.java:48)
at org.openqa.selenium.support.decorators.WebDriverDecorator.lambda$createProxy$2(WebDriverDecorator.java:321)
at net.bytebuddy.renamed.java.lang.Object$ByteBuddy$7UKJEbjH.maximize(Unknown Source)
at org.openqa.selenium.support.decorators.WebDriverDecorator.call(WebDriverDecorator.java:249)
at org.openqa.selenium.support.decorators.DefaultDecorated.call(DefaultDecorated.java:48)
at org.openqa.selenium.support.decorators.WebDriverDecorator.lambda$createProxy$2(WebDriverDecorator.java:321)
at net.bytebuddy.renamed.java.lang.Object$ByteBuddy$YqNTbtoV.maximize(Unknown Source)
at tests.BaseTestNgSetup.beforeMethod(BaseTestNgSetup.java:15)
at java.base/java.util.ArrayList.forEach(ArrayList.java:1511)
... Removed 75 stack frames]]>
    </failure>
  </testcase> <!-- @BeforeMethod beforeMethod -->
  <testcase classname="tests.BaseTestNgSetup" name="@AfterMethod afterMethod" time="0.0">
    <skipped/>
  </testcase> <!-- @AfterMethod afterMethod -->
  <testcase classname="tests.BaseTestNgSetup" name="@BeforeMethod beforeMethod" time="0.0">
    <skipped/>
  </testcase> <!-- @BeforeMethod beforeMethod -->
  <testcase classname="tests.BaseTestNgSetup" name="@AfterMethod afterMethod" time="0.0">
    <skipped/>
  </testcase> <!-- @AfterMethod afterMethod -->
  <testcase classname="tests.ProcessOfRegisteringCloudPlatformTests" name="automateProcessOfRegisteringCloudPlatformPricingCalculator" time="17.492">
    <skipped/>
  </testcase> <!-- automateProcessOfRegisteringCloudPlatformPricingCalculator -->
  <testcase classname="tests.ProcessOfRegisteringCloudPlatformTests" name="automateProcessOfRegisteringCloudPlatformPricingCalculator" time="0.06">
    <skipped/>
  </testcase> <!-- automateProcessOfRegisteringCloudPlatformPricingCalculator -->
  <testcase classname="tests.ProcessOfRegisteringCloudPlatformTests" name="automateProcessOfRegisteringCloudPlatformPricingCalculator" time="0.057">
    <failure type="org.openqa.selenium.NoSuchSessionException" message="Session ID is null. Using WebDriver after calling quit()?
Build info: version: &amp;apos;4.15.0&amp;apos;, revision: &amp;apos;1d14b5521b&amp;apos;
System info: os.name: &amp;apos;Windows 10&amp;apos;, os.arch: &amp;apos;amd64&amp;apos;, os.version: &amp;apos;10.0&amp;apos;, java.version: &amp;apos;19&amp;apos;
Driver info: org.openqa.selenium.chrome.ChromeDriver
Command: [null, findElement {using=xpath, value=//button[@class=&amp;apos;pvUife&amp;apos;]}]
Capabilities {acceptInsecureCerts: false, browserName: chrome, browserVersion: 119.0.6045.200, chrome: {chromedriverVersion: 119.0.6045.105 (38c72552c5e..., userDataDir: C:\Users\kubar\AppData\Loca...}, fedcm:accounts: true, goog:chromeOptions: {debuggerAddress: localhost:60838}, networkConnectionEnabled: false, pageLoadStrategy: normal, platformName: windows, proxy: Proxy(), se:cdp: ws://localhost:60838/devtoo..., se:cdpVersion: 119.0.6045.200, setWindowRect: true, strictFileInteractability: false, timeouts: {implicit: 0, pageLoad: 300000, script: 30000}, unhandledPromptBehavior: dismiss and notify, webauthn:extension:credBlob: true, webauthn:extension:largeBlob: true, webauthn:extension:minPinLength: true, webauthn:extension:prf: true, webauthn:virtualAuthenticators: true}">
      <![CDATA[org.openqa.selenium.NoSuchSessionException: Session ID is null. Using WebDriver after calling quit()?
Build info: version: '4.15.0', revision: '1d14b5521b'
System info: os.name: 'Windows 10', os.arch: 'amd64', os.version: '10.0', java.version: '19'
Driver info: org.openqa.selenium.chrome.ChromeDriver
Command: [null, findElement {using=xpath, value=//button[@class='pvUife']}]
Capabilities {acceptInsecureCerts: false, browserName: chrome, browserVersion: 119.0.6045.200, chrome: {chromedriverVersion: 119.0.6045.105 (38c72552c5e..., userDataDir: C:\Users\kubar\AppData\Loca...}, fedcm:accounts: true, goog:chromeOptions: {debuggerAddress: localhost:60838}, networkConnectionEnabled: false, pageLoadStrategy: normal, platformName: windows, proxy: Proxy(), se:cdp: ws://localhost:60838/devtoo..., se:cdpVersion: 119.0.6045.200, setWindowRect: true, strictFileInteractability: false, timeouts: {implicit: 0, pageLoad: 300000, script: 30000}, unhandledPromptBehavior: dismiss and notify, webauthn:extension:credBlob: true, webauthn:extension:largeBlob: true, webauthn:extension:minPinLength: true, webauthn:extension:prf: true, webauthn:virtualAuthenticators: true}
at org.openqa.selenium.remote.HttpCommandExecutor.execute(HttpCommandExecutor.java:152)
at org.openqa.selenium.remote.service.DriverCommandExecutor.invokeExecute(DriverCommandExecutor.java:200)
at org.openqa.selenium.remote.service.DriverCommandExecutor.execute(DriverCommandExecutor.java:175)
at org.openqa.selenium.remote.RemoteWebDriver.execute(RemoteWebDriver.java:607)
at org.openqa.selenium.remote.ElementLocation$ElementFinder$2.findElement(ElementLocation.java:165)
at org.openqa.selenium.remote.ElementLocation.findElement(ElementLocation.java:59)
at org.openqa.selenium.remote.RemoteWebDriver.findElement(RemoteWebDriver.java:364)
at org.openqa.selenium.remote.RemoteWebDriver.findElement(RemoteWebDriver.java:358)
at org.openqa.selenium.support.decorators.WebDriverDecorator.call(WebDriverDecorator.java:249)
at org.openqa.selenium.support.decorators.DefaultDecorated.call(DefaultDecorated.java:48)
at org.openqa.selenium.support.decorators.WebDriverDecorator.lambda$createProxy$2(WebDriverDecorator.java:321)
at net.bytebuddy.renamed.java.lang.Object$ByteBuddy$3Pvvkskj.findElement(Unknown Source)
at org.openqa.selenium.support.decorators.WebDriverDecorator.call(WebDriverDecorator.java:249)
at org.openqa.selenium.support.decorators.DefaultDecorated.call(DefaultDecorated.java:48)
at org.openqa.selenium.support.decorators.WebDriverDecorator.lambda$createProxy$2(WebDriverDecorator.java:321)
at net.bytebuddy.renamed.java.lang.Object$ByteBuddy$Tte0tGqo.findElement(Unknown Source)
at org.openqa.selenium.support.decorators.WebDriverDecorator.call(WebDriverDecorator.java:249)
at org.openqa.selenium.support.decorators.DefaultDecorated.call(DefaultDecorated.java:48)
at org.openqa.selenium.support.decorators.WebDriverDecorator.lambda$createProxy$2(WebDriverDecorator.java:321)
at net.bytebuddy.renamed.java.lang.Object$ByteBuddy$6PxqY2oJ.findElement(Unknown Source)
at org.openqa.selenium.support.decorators.WebDriverDecorator.call(WebDriverDecorator.java:249)
at org.openqa.selenium.support.decorators.DefaultDecorated.call(DefaultDecorated.java:48)
at org.openqa.selenium.support.decorators.WebDriverDecorator.lambda$createProxy$2(WebDriverDecorator.java:321)
at net.bytebuddy.renamed.java.lang.Object$ByteBuddy$GXXrn6ZZ.findElement(Unknown Source)
at org.openqa.selenium.support.decorators.WebDriverDecorator.call(WebDriverDecorator.java:249)
at org.openqa.selenium.support.decorators.DefaultDecorated.call(DefaultDecorated.java:48)
at org.openqa.selenium.support.decorators.WebDriverDecorator.lambda$createProxy$2(WebDriverDecorator.java:321)
at net.bytebuddy.renamed.java.lang.Object$ByteBuddy$J8labkbP.findElement(Unknown Source)
at org.openqa.selenium.support.decorators.WebDriverDecorator.call(WebDriverDecorator.java:249)
at org.openqa.selenium.support.decorators.DefaultDecorated.call(DefaultDecorated.java:48)
at org.openqa.selenium.support.decorators.WebDriverDecorator.lambda$createProxy$2(WebDriverDecorator.java:321)
at net.bytebuddy.renamed.java.lang.Object$ByteBuddy$lsdMgE5K.findElement(Unknown Source)
at org.openqa.selenium.support.decorators.WebDriverDecorator.call(WebDriverDecorator.java:249)
at org.openqa.selenium.support.decorators.DefaultDecorated.call(DefaultDecorated.java:48)
at org.openqa.selenium.support.decorators.WebDriverDecorator.lambda$createProxy$2(WebDriverDecorator.java:321)
at net.bytebuddy.renamed.java.lang.Object$ByteBuddy$Er9IccgO.findElement(Unknown Source)
at org.openqa.selenium.support.decorators.WebDriverDecorator.call(WebDriverDecorator.java:249)
at org.openqa.selenium.support.decorators.DefaultDecorated.call(DefaultDecorated.java:48)
at org.openqa.selenium.support.decorators.WebDriverDecorator.lambda$createProxy$2(WebDriverDecorator.java:321)
at net.bytebuddy.renamed.java.lang.Object$ByteBuddy$2tECfn9T.findElement(Unknown Source)
at org.openqa.selenium.support.decorators.WebDriverDecorator.call(WebDriverDecorator.java:249)
at org.openqa.selenium.support.decorators.DefaultDecorated.call(DefaultDecorated.java:48)
at org.openqa.selenium.support.decorators.WebDriverDecorator.lambda$createProxy$2(WebDriverDecorator.java:321)
at net.bytebuddy.renamed.java.lang.Object$ByteBuddy$3WkF3Eki.findElement(Unknown Source)
at org.openqa.selenium.support.decorators.WebDriverDecorator.call(WebDriverDecorator.java:249)
at org.openqa.selenium.support.decorators.DefaultDecorated.call(DefaultDecorated.java:48)
at org.openqa.selenium.support.decorators.WebDriverDecorator.lambda$createProxy$2(WebDriverDecorator.java:321)
at net.bytebuddy.renamed.java.lang.Object$ByteBuddy$xQCJMuTx.findElement(Unknown Source)
at org.openqa.selenium.support.decorators.WebDriverDecorator.call(WebDriverDecorator.java:249)
at org.openqa.selenium.support.decorators.DefaultDecorated.call(DefaultDecorated.java:48)
at org.openqa.selenium.support.decorators.WebDriverDecorator.lambda$createProxy$2(WebDriverDecorator.java:321)
at net.bytebuddy.renamed.java.lang.Object$ByteBuddy$lDgsHTEY.findElement(Unknown Source)
at org.openqa.selenium.support.decorators.WebDriverDecorator.call(WebDriverDecorator.java:249)
at org.openqa.selenium.support.decorators.DefaultDecorated.call(DefaultDecorated.java:48)
at org.openqa.selenium.support.decorators.WebDriverDecorator.lambda$createProxy$2(WebDriverDecorator.java:321)
at net.bytebuddy.renamed.java.lang.Object$ByteBuddy$xOVnt3HH.findElement(Unknown Source)
at org.openqa.selenium.support.decorators.WebDriverDecorator.call(WebDriverDecorator.java:249)
at org.openqa.selenium.support.decorators.DefaultDecorated.call(DefaultDecorated.java:48)
at org.openqa.selenium.support.decorators.WebDriverDecorator.lambda$createProxy$2(WebDriverDecorator.java:321)
at net.bytebuddy.renamed.java.lang.Object$ByteBuddy$41L5fAhX.findElement(Unknown Source)
at org.openqa.selenium.support.decorators.WebDriverDecorator.call(WebDriverDecorator.java:249)
at org.openqa.selenium.support.decorators.DefaultDecorated.call(DefaultDecorated.java:48)
at org.openqa.selenium.support.decorators.WebDriverDecorator.lambda$createProxy$2(WebDriverDecorator.java:321)
at net.bytebuddy.renamed.java.lang.Object$ByteBuddy$WOxWs8Xy.findElement(Unknown Source)
at org.openqa.selenium.support.decorators.WebDriverDecorator.call(WebDriverDecorator.java:249)
at org.openqa.selenium.support.decorators.DefaultDecorated.call(DefaultDecorated.java:48)
at org.openqa.selenium.support.decorators.WebDriverDecorator.lambda$createProxy$2(WebDriverDecorator.java:321)
at net.bytebuddy.renamed.java.lang.Object$ByteBuddy$y797Iz36.findElement(Unknown Source)
at org.openqa.selenium.support.decorators.WebDriverDecorator.call(WebDriverDecorator.java:249)
at org.openqa.selenium.support.decorators.DefaultDecorated.call(DefaultDecorated.java:48)
at org.openqa.selenium.support.decorators.WebDriverDecorator.lambda$createProxy$2(WebDriverDecorator.java:321)
at net.bytebuddy.renamed.java.lang.Object$ByteBuddy$RTGnP93l.findElement(Unknown Source)
at org.openqa.selenium.support.decorators.WebDriverDecorator.call(WebDriverDecorator.java:249)
at org.openqa.selenium.support.decorators.DefaultDecorated.call(DefaultDecorated.java:48)
at org.openqa.selenium.support.decorators.WebDriverDecorator.lambda$createProxy$2(WebDriverDecorator.java:321)
at net.bytebuddy.renamed.java.lang.Object$ByteBuddy$IHBaQtpw.findElement(Unknown Source)
at org.openqa.selenium.support.decorators.WebDriverDecorator.call(WebDriverDecorator.java:249)
at org.openqa.selenium.support.decorators.DefaultDecorated.call(DefaultDecorated.java:48)
at org.openqa.selenium.support.decorators.WebDriverDecorator.lambda$createProxy$2(WebDriverDecorator.java:321)
at net.bytebuddy.renamed.java.lang.Object$ByteBuddy$ZDdbumgk.findElement(Unknown Source)
at org.openqa.selenium.support.decorators.WebDriverDecorator.call(WebDriverDecorator.java:249)
at org.openqa.selenium.support.decorators.DefaultDecorated.call(DefaultDecorated.java:48)
at org.openqa.selenium.support.decorators.WebDriverDecorator.lambda$createProxy$2(WebDriverDecorator.java:321)
at net.bytebuddy.renamed.java.lang.Object$ByteBuddy$TTtqWH6w.findElement(Unknown Source)
at org.openqa.selenium.support.decorators.WebDriverDecorator.call(WebDriverDecorator.java:249)
at org.openqa.selenium.support.decorators.DefaultDecorated.call(DefaultDecorated.java:48)
at org.openqa.selenium.support.decorators.WebDriverDecorator.lambda$createProxy$2(WebDriverDecorator.java:321)
at net.bytebuddy.renamed.java.lang.Object$ByteBuddy$8GpAKtoH.findElement(Unknown Source)
at org.openqa.selenium.support.decorators.WebDriverDecorator.call(WebDriverDecorator.java:249)
at org.openqa.selenium.support.decorators.DefaultDecorated.call(DefaultDecorated.java:48)
at org.openqa.selenium.support.decorators.WebDriverDecorator.lambda$createProxy$2(WebDriverDecorator.java:321)
at net.bytebuddy.renamed.java.lang.Object$ByteBuddy$k5U1bxnl.findElement(Unknown Source)
at org.openqa.selenium.support.decorators.WebDriverDecorator.call(WebDriverDecorator.java:249)
at org.openqa.selenium.support.decorators.DefaultDecorated.call(DefaultDecorated.java:48)
at org.openqa.selenium.support.decorators.WebDriverDecorator.lambda$createProxy$2(WebDriverDecorator.java:321)
at net.bytebuddy.renamed.java.lang.Object$ByteBuddy$Y1qHSeYF.findElement(Unknown Source)
at org.openqa.selenium.support.decorators.WebDriverDecorator.call(WebDriverDecorator.java:249)
at org.openqa.selenium.support.decorators.DefaultDecorated.call(DefaultDecorated.java:48)
at org.openqa.selenium.support.decorators.WebDriverDecorator.lambda$createProxy$2(WebDriverDecorator.java:321)
at net.bytebuddy.renamed.java.lang.Object$ByteBuddy$4vxRwBwT.findElement(Unknown Source)
at org.openqa.selenium.support.decorators.WebDriverDecorator.call(WebDriverDecorator.java:249)
at org.openqa.selenium.support.decorators.DefaultDecorated.call(DefaultDecorated.java:48)
at org.openqa.selenium.support.decorators.WebDriverDecorator.lambda$createProxy$2(WebDriverDecorator.java:321)
at net.bytebuddy.renamed.java.lang.Object$ByteBuddy$ZbCVyQwb.findElement(Unknown Source)
at org.openqa.selenium.support.pagefactory.DefaultElementLocator.findElement(DefaultElementLocator.java:68)
at org.openqa.selenium.support.pagefactory.internal.LocatingElementHandler.invoke(LocatingElementHandler.java:38)
at jdk.proxy2/jdk.proxy2.$Proxy44.isDisplayed(Unknown Source)
at org.openqa.selenium.support.ui.ExpectedConditions.elementIfVisible(ExpectedConditions.java:304)
at org.openqa.selenium.support.ui.ExpectedConditions$10.apply(ExpectedConditions.java:290)
at org.openqa.selenium.support.ui.ExpectedConditions$10.apply(ExpectedConditions.java:287)
at org.openqa.selenium.support.ui.FluentWait.until(FluentWait.java:204)
at waits.WaitForElement.waitUntilElementIsVisible(WaitForElement.java:18)
at page.Cookies.clickAcceptCookiesButton(Cookies.java:28)
at tests.ProcessOfRegisteringCloudPlatformTests.automateProcessOfRegisteringCloudPlatformPricingCalculator(ProcessOfRegisteringCloudPlatformTests.java:29)
at java.base/java.util.ArrayList.forEach(ArrayList.java:1511)
... Removed 77 stack frames]]>
    </failure>
  </testcase> <!-- automateProcessOfRegisteringCloudPlatformPricingCalculator -->
</testsuite> <!-- Process of registering cloud platform tests -->
